This file contains any messages produced by compilers while
running configure, to aid debugging if configure makes a mistake.

It was created by binutils configure 2.42, which was
generated by GNU Autoconf 2.69.  Invocation command line was

  $ /home/joy0812/study/OwnOS/Kernel/binutils-2.42/binutils/configure --srcdir=../../binutils-2.42/binutils --cache-file=./config.cache --with-gnu-as --with-gnu-ld --prefix=/usr/local/cross --with-sysroot --disable-nls --disable-werror --program-transform-name=s&^&x86_64-elf-& --disable-option-checking --build=x86_64-pc-linux-gnu --host=x86_64-pc-linux-gnu --target=x86_64-elf

## --------- ##
## Platform. ##
## --------- ##

hostname = joy0812-ASUS-TUF-Gaming-A14-FA401KM-FA401KM
uname -m = x86_64
uname -r = 6.14.0-33-generic
uname -s = Linux
uname -v = #33~24.04.1-Ubuntu SMP PREEMPT_DYNAMIC Fri Sep 19 17:02:30 UTC 2

/usr/bin/uname -p = x86_64
/bin/uname -X     = unknown

/bin/arch              = x86_64
/usr/bin/arch -k       = unknown
/usr/convex/getsysinfo = unknown
/usr/bin/hostinfo      = unknown
/bin/machine           = unknown
/usr/bin/oslevel       = unknown
/bin/universe          = unknown

PATH: /usr/local/sbin
PATH: /usr/local/bin
PATH: /usr/sbin
PATH: /usr/bin
PATH: /sbin
PATH: /bin
PATH: /usr/games
PATH: /usr/local/games
PATH: /snap/bin


## ----------- ##
## Core tests. ##
## ----------- ##

configure:2378: loading cache ./config.cache
configure:2501: checking build system type
configure:2515: result: x86_64-pc-linux-gnu
configure:2535: checking host system type
configure:2548: result: x86_64-pc-linux-gnu
configure:2568: checking target system type
configure:2581: result: x86_64-pc-elf
configure:2624: checking for a BSD-compatible install
configure:2692: result: /usr/bin/install -c
configure:2703: checking whether build environment is sane
configure:2758: result: yes
configure:2909: checking for a thread-safe mkdir -p
configure:2948: result: /usr/bin/mkdir -p
configure:2955: checking for gawk
configure:2982: result: mawk
configure:2993: checking whether make sets $(MAKE)
configure:3015: result: yes
configure:3044: checking whether make supports nested variables
configure:3061: result: yes
configure:3198: checking whether make supports nested variables
configure:3215: result: yes
configure:3235: checking for x86_64-pc-linux-gnu-gcc
configure:3262: result: gcc
configure:3531: checking for C compiler version
configure:3540: gcc --version >&5
gcc (Ubuntu 13.3.0-6ubuntu2~24.04) 13.3.0
Copyright (C) 2023 Free Software Foundation, Inc.
This is free software; see the source for copying conditions.  There is NO
warranty; not even for MERCHANTABILITY or FITNESS FOR A PARTICULAR PURPOSE.

configure:3551: $? = 0
configure:3540: gcc -v >&5
Using built-in specs.
COLLECT_GCC=gcc
COLLECT_LTO_WRAPPER=/usr/libexec/gcc/x86_64-linux-gnu/13/lto-wrapper
OFFLOAD_TARGET_NAMES=nvptx-none:amdgcn-amdhsa
OFFLOAD_TARGET_DEFAULT=1
Target: x86_64-linux-gnu
Configured with: ../src/configure -v --with-pkgversion='Ubuntu 13.3.0-6ubuntu2~24.04' --with-bugurl=file:///usr/share/doc/gcc-13/README.Bugs --enable-languages=c,ada,c++,go,d,fortran,objc,obj-c++,m2 --prefix=/usr --with-gcc-major-version-only --program-suffix=-13 --program-prefix=x86_64-linux-gnu- --enable-shared --enable-linker-build-id --libexecdir=/usr/libexec --without-included-gettext --enable-threads=posix --libdir=/usr/lib --enable-nls --enable-bootstrap --enable-clocale=gnu --enable-libstdcxx-debug --enable-libstdcxx-time=yes --with-default-libstdcxx-abi=new --enable-libstdcxx-backtrace --enable-gnu-unique-object --disable-vtable-verify --enable-plugin --enable-default-pie --with-system-zlib --enable-libphobos-checking=release --with-target-system-zlib=auto --enable-objc-gc=auto --enable-multiarch --disable-werror --enable-cet --with-arch-32=i686 --with-abi=m64 --with-multilib-list=m32,m64,mx32 --enable-multilib --with-tune=generic --enable-offload-targets=nvptx-none=/build/gcc-13-fG75Ri/gcc-13-13.3.0/debian/tmp-nvptx/usr,amdgcn-amdhsa=/build/gcc-13-fG75Ri/gcc-13-13.3.0/debian/tmp-gcn/usr --enable-offload-defaulted --without-cuda-driver --enable-checking=release --build=x86_64-linux-gnu --host=x86_64-linux-gnu --target=x86_64-linux-gnu --with-build-config=bootstrap-lto-lean --enable-link-serialization=2
Thread model: posix
Supported LTO compression algorithms: zlib zstd
gcc version 13.3.0 (Ubuntu 13.3.0-6ubuntu2~24.04) 
... rest of stderr output deleted ...
configure:3551: $? = 0
configure:3540: gcc -V >&5
gcc: error: unrecognized command-line option '-V'
gcc: fatal error: no input files
compilation terminated.
configure:3551: $? = 1
configure:3540: gcc -qversion >&5
gcc: error: unrecognized command-line option '-qversion'; did you mean '--version'?
gcc: fatal error: no input files
compilation terminated.
configure:3551: $? = 1
configure:3571: checking whether the C compiler works
configure:3593: gcc -g -O2        conftest.c  >&5
configure:3597: $? = 0
configure:3645: result: yes
configure:3648: checking for C compiler default output file name
configure:3650: result: a.out
configure:3656: checking for suffix of executables
configure:3663: gcc -o conftest -g -O2        conftest.c  >&5
configure:3667: $? = 0
configure:3689: result: 
configure:3711: checking whether we are cross compiling
configure:3719: gcc -o conftest -g -O2        conftest.c  >&5
configure:3723: $? = 0
configure:3730: ./conftest
configure:3734: $? = 0
configure:3749: result: no
configure:3754: checking for suffix of object files
configure:3801: result: o
configure:3805: checking whether we are using the GNU C compiler
configure:3833: result: yes
configure:3842: checking whether gcc accepts -g
configure:3903: result: yes
configure:3920: checking for gcc option to accept ISO C89
configure:3996: result: none needed
configure:4021: checking whether gcc understands -c and -o together
configure:4058: result: yes
configure:4086: checking for style of include used by make
configure:4114: result: GNU
configure:4140: checking dependency style of gcc
configure:4251: result: gcc3
configure:4272: checking how to run the C preprocessor
configure:4342: result: gcc -E
configure:4362: gcc -E  conftest.c
configure:4362: $? = 0
configure:4376: gcc -E  conftest.c
conftest.c:11:10: fatal error: ac_nonexistent.h: No such file or directory
   11 | #include <ac_nonexistent.h>
      |          ^~~~~~~~~~~~~~~~~~
compilation terminated.
configure:4376: $? = 1
configure: failed program was:
| /* confdefs.h */
| #define PACKAGE_NAME "binutils"
| #define PACKAGE_TARNAME "binutils"
| #define PACKAGE_VERSION "2.42"
| #define PACKAGE_STRING "binutils 2.42"
| #define PACKAGE_BUGREPORT ""
| #define PACKAGE_URL ""
| #define PACKAGE "binutils"
| #define VERSION "2.42"
| /* end confdefs.h.  */
| #include <ac_nonexistent.h>
configure:4405: checking for grep that handles long lines and -e
configure:4463: result: /usr/bin/grep
configure:4468: checking for egrep
configure:4530: result: /usr/bin/grep -E
configure:4535: checking for ANSI C header files
configure:4639: result: yes
configure:4652: checking for sys/types.h
configure:4652: result: yes
configure:4652: checking for sys/stat.h
configure:4652: result: yes
configure:4652: checking for stdlib.h
configure:4652: result: yes
configure:4652: checking for string.h
configure:4652: result: yes
configure:4652: checking for memory.h
configure:4652: result: yes
configure:4652: checking for strings.h
configure:4652: result: yes
configure:4652: checking for inttypes.h
configure:4652: result: yes
configure:4652: checking for stdint.h
configure:4652: result: yes
configure:4652: checking for unistd.h
configure:4652: result: yes
configure:4665: checking for minix/config.h
configure:4665: result: no
configure:4686: checking whether it is safe to define __EXTENSIONS__
configure:4711: result: yes
configure:4774: checking how to print strings
configure:4801: result: printf
configure:4822: checking for a sed that does not truncate output
configure:4886: result: /usr/bin/sed
configure:4904: checking for fgrep
configure:4966: result: /usr/bin/grep -F
configure:5001: checking for ld used by gcc
configure:5068: result: ld
configure:5075: checking if the linker (ld) is GNU ld
configure:5090: result: yes
configure:5102: checking for BSD- or MS-compatible name lister (nm)
configure:5158: result: /usr/bin/nm -B
configure:5288: checking the name lister (/usr/bin/nm -B) interface
configure:5308: result: BSD nm
configure:5311: checking whether ln -s works
configure:5315: result: yes
configure:5323: checking the maximum length of command line arguments
configure:5448: result: 1572864
configure:5465: checking whether the shell understands some XSI constructs
configure:5475: result: yes
configure:5479: checking whether the shell understands "+="
configure:5485: result: yes
configure:5520: checking for ld option to reload object files
configure:5527: result: -r
configure:5556: checking for x86_64-pc-linux-gnu-objdump
configure:5583: result: objdump
configure:5655: checking how to recognize dependent libraries
configure:5861: result: pass_all
configure:5894: checking for x86_64-pc-linux-gnu-ar
configure:5921: result: ar --plugin /usr/libexec/gcc/x86_64-linux-gnu/13/liblto_plugin.so
configure:6012: checking for x86_64-pc-linux-gnu-strip
configure:6042: result: no
configure:6052: checking for strip
configure:6079: result: strip
configure:6111: checking for x86_64-pc-linux-gnu-ranlib
configure:6138: result: ranlib --plugin /usr/libexec/gcc/x86_64-linux-gnu/13/liblto_plugin.so
configure:6285: checking command to parse /usr/bin/nm -B output from gcc object
configure:6508: result: ok
configure:6603: gcc -c -g -O2      conftest.c >&5
configure:6606: $? = 0
configure:7358: checking for dlfcn.h
configure:7358: result: yes
configure:7545: checking for objdir
configure:7560: result: .libs
configure:7831: checking if gcc supports -fno-rtti -fno-exceptions
configure:7866: result: no
configure:7886: checking for gcc option to produce PIC
configure:8172: result: -fPIC -DPIC
configure:8184: checking if gcc PIC flag -fPIC -DPIC works
configure:8219: result: yes
configure:8243: checking if gcc static flag -static works
configure:8271: result: yes
configure:8286: checking if gcc supports -c -o file.o
configure:8333: result: yes
configure:8341: checking if gcc supports -c -o file.o
configure:8388: result: yes
configure:8421: checking whether the gcc linker (ld -m elf_x86_64) supports shared libraries
configure:9492: result: yes
configure:9529: checking whether -lc should be explicitly linked in
configure:9572: result: no
configure:9737: checking dynamic linker characteristics
configure:10424: result: GNU/Linux ld.so
configure:10531: checking how to hardcode library paths into programs
configure:10556: result: immediate
configure:11096: checking whether stripping libraries is possible
configure:11101: result: yes
configure:11136: checking if libtool supports shared libraries
configure:11138: result: yes
configure:11141: checking whether to build shared libraries
configure:11162: result: yes
configure:11165: checking whether to build static libraries
configure:11169: result: yes
configure:11217: checking for dlfcn.h
configure:11217: result: yes
configure:11230: checking for windows.h
configure:11230: result: no
configure:11257: checking for library containing dlsym
configure:11305: result: none required
configure:11377: checking for special C compiler options needed for large files
configure:11422: result: no
configure:11428: checking for _FILE_OFFSET_BITS value needed for large files
configure:11485: result: no
configure:11712: checking for x86_64-pc-linux-gnu-pkg-config
configure:11745: result: no
configure:11755: checking for pkg-config
configure:11785: result: /usr/bin/pkg-config
configure:11810: checking pkg-config is at least version 0.9.0
configure:11813: result: yes
configure:11837: checking whether to use debuginfod
configure:11839: result: auto
configure:11845: checking for libdebuginfod >= 0.188
configure:11852: $PKG_CONFIG --exists --print-errors "libdebuginfod >= 0.188"
Package libdebuginfod was not found in the pkg-config search path.
Perhaps you should add the directory containing `libdebuginfod.pc'
to the PKG_CONFIG_PATH environment variable
Package 'libdebuginfod', required by 'virtual:world', not found
configure:11855: $? = 1
configure:11869: $PKG_CONFIG --exists --print-errors "libdebuginfod >= 0.188"
Package libdebuginfod was not found in the pkg-config search path.
Perhaps you should add the directory containing `libdebuginfod.pc'
to the PKG_CONFIG_PATH environment variable
Package 'libdebuginfod', required by 'virtual:world', not found
configure:11872: $? = 1
configure:11910: result: no
Package 'libdebuginfod', required by 'virtual:world', not found
configure:11926: WARNING: libdebuginfod is missing or some features may be unavailable.
configure:11945: checking for libdebuginfod >= 0.179
configure:11952: $PKG_CONFIG --exists --print-errors "libdebuginfod >= 0.179"
Package libdebuginfod was not found in the pkg-config search path.
Perhaps you should add the directory containing `libdebuginfod.pc'
to the PKG_CONFIG_PATH environment variable
Package 'libdebuginfod', required by 'virtual:world', not found
configure:11955: $? = 1
configure:11969: $PKG_CONFIG --exists --print-errors "libdebuginfod >= 0.179"
Package libdebuginfod was not found in the pkg-config search path.
Perhaps you should add the directory containing `libdebuginfod.pc'
to the PKG_CONFIG_PATH environment variable
Package 'libdebuginfod', required by 'virtual:world', not found
configure:11972: $? = 1
configure:12010: result: no
Package 'libdebuginfod', required by 'virtual:world', not found
configure:12029: WARNING: libdebuginfod is missing or unusable; some features may be unavailable.
configure:12270: checking for bison
configure:12297: result: bison -y
configure:12313: checking for flex
configure:12340: result: flex
configure:12379: flex conftest.l
configure:12383: $? = 0
configure:12385: checking lex output file root
configure:12399: result: lex.yy
configure:12404: checking lex library
configure:12428: result: -lfl
configure:12434: checking whether yytext is a pointer
configure:12459: result: yes
configure:12488: checking whether NLS is requested
configure:12497: result: no
configure:12535: checking for msgfmt
configure:12569: result: no
configure:12575: checking for gmsgfmt
configure:12606: result: :
configure:12646: checking for xgettext
configure:12680: result: no
configure:12717: checking for msgmerge
configure:12750: result: no
configure:12822: checking for ld used by GCC
configure:12885: result: ld -m elf_x86_64
configure:12892: checking if the linker (ld -m elf_x86_64) is GNU ld
configure:12904: result: yes
configure:12910: checking for shared library run path origin
configure:12923: result: done
configure:13370: checking for CFPreferencesCopyAppValue
configure:13397: result: no
configure:13404: checking for CFLocaleCopyPreferredLanguages
configure:13431: result: no
configure:14311: checking whether to use NLS
configure:14313: result: no
configure:14396: checking whether NLS is requested
configure:14399: result: no
configure:14487: checking for msgfmt
configure:14521: result: no
configure:14527: checking for gmsgfmt
configure:14558: result: :
configure:14598: checking for xgettext
configure:14632: result: no
configure:14669: checking for msgmerge
configure:14702: result: no
configure:14736: checking whether to enable maintainer-specific portions of Makefiles
configure:14745: result: no
configure:14790: checking for x86_64-pc-linux-gnu-ranlib
configure:14817: result: ranlib --plugin /usr/libexec/gcc/x86_64-linux-gnu/13/liblto_plugin.so
configure:14935: checking for fcntl.h
configure:14935: result: yes
configure:14935: checking for inttypes.h
configure:14935: result: yes
configure:14935: checking for stdint.h
configure:14935: result: yes
configure:14935: checking for sys/file.h
configure:14935: result: yes
configure:14935: checking for sys/stat.h
configure:14935: result: yes
configure:14935: checking for sys/time.h
configure:14935: result: yes
configure:14935: checking for sys/types.h
configure:14935: result: yes
configure:14935: checking for unistd.h
configure:14935: result: yes
configure:14945: checking for sys/wait.h that is POSIX.1 compatible
configure:14978: result: yes
configure:14992: checking for stdlib.h
configure:14992: result: yes
configure:14992: checking for unistd.h
configure:14992: result: yes
configure:14992: checking for sys/param.h
configure:14992: result: yes
configure:15012: checking for getpagesize
configure:15012: result: yes
configure:15021: checking for working mmap
configure:15178: result: yes
configure:15190: checking for fseeko
configure:15190: result: yes
configure:15190: checking for fseeko64
configure:15190: result: yes
configure:15190: checking for getc_unlocked
configure:15190: result: yes
configure:15190: checking for mkdtemp
configure:15190: result: yes
configure:15190: checking for mkstemp
configure:15190: result: yes
configure:15190: checking for utimensat
configure:15190: result: yes
configure:15190: checking for utimes
configure:15190: result: yes
configure:15200: checking for mbstate_t
configure:15213: gcc -c -g -O2      conftest.c >&5
configure:15213: $? = 0
configure:15219: result: yes
configure:15229: checking for struct stat.st_atim.tv_nsec
configure:15229: result: yes
configure:15238: checking whether struct stat.st_atim is of type struct timespec
configure:15272: result: yes
configure:15322: checking for library containing frexp
configure:15370: result: none required
configure:15380: checking for LC_MESSAGES
configure:15404: result: yes
configure:15413: checking for a known getopt prototype in unistd.h
configure:15437: result: yes
configure:15447: checking for utime.h
configure:15475: result: yes
configure:15483: checking whether asprintf is declared
configure:15483: result: yes
configure:15493: checking whether environ is declared
configure:15493: result: yes
configure:15503: checking whether getc_unlocked is declared
configure:15503: result: yes
configure:15513: checking whether stpcpy is declared
configure:15513: result: yes
configure:15523: checking whether strnlen is declared
configure:15523: result: yes
configure:15568: checking for libzstd >= 1.4.0
configure:15575: $PKG_CONFIG --exists --print-errors "libzstd >= 1.4.0"
Package libzstd was not found in the pkg-config search path.
Perhaps you should add the directory containing `libzstd.pc'
to the PKG_CONFIG_PATH environment variable
Package 'libzstd', required by 'virtual:world', not found
configure:15578: $? = 1
configure:15592: $PKG_CONFIG --exists --print-errors "libzstd >= 1.4.0"
Package libzstd was not found in the pkg-config search path.
Perhaps you should add the directory containing `libzstd.pc'
to the PKG_CONFIG_PATH environment variable
Package 'libzstd', required by 'virtual:world', not found
configure:15595: $? = 1
configure:15633: result: no
Package 'libzstd', required by 'virtual:world', not found
configure:15698: checking for msgpack
configure:15705: $PKG_CONFIG --exists --print-errors "msgpack"
Package msgpack was not found in the pkg-config search path.
Perhaps you should add the directory containing `msgpack.pc'
to the PKG_CONFIG_PATH environment variable
Package 'msgpack', required by 'virtual:world', not found
configure:15708: $? = 1
configure:15722: $PKG_CONFIG --exists --print-errors "msgpack"
Package msgpack was not found in the pkg-config search path.
Perhaps you should add the directory containing `msgpack.pc'
to the PKG_CONFIG_PATH environment variable
Package 'msgpack', required by 'virtual:world', not found
configure:15725: $? = 1
configure:15763: result: no
Package 'msgpack', required by 'virtual:world', not found
configure:15815: checking for iconv.h
configure:15815: result: yes
configure:15851: checking for iconv
configure:15909: result: yes
configure:15912: checking for working iconv
configure:16066: result: yes
configure:16094: checking whether iconv is compatible with its POSIX signature
configure:16126: result: yes
configure:16503: checking that generated files are newer than configure
configure:16509: result: done
configure:16544: creating ./config.status

## ---------------------- ##
## Running config.status. ##
## ---------------------- ##

This file was extended by binutils config.status 2.42, which was
generated by GNU Autoconf 2.69.  Invocation command line was

  CONFIG_FILES    = 
  CONFIG_HEADERS  = 
  CONFIG_LINKS    = 
  CONFIG_COMMANDS = 
  $ ./config.status 

on joy0812-ASUS-TUF-Gaming-A14-FA401KM-FA401KM

config.status:1202: creating Makefile
config.status:1202: creating po/Makefile.in
config.status:1202: creating config.h
config.status:1368: config.h is unchanged
config.status:1416: executing depfiles commands
config.status:1416: executing libtool commands
config.status:1416: executing default-1 commands
config.status:1416: executing default-2 commands

## ---------------- ##
## Cache variables. ##
## ---------------- ##

ac_cv_build=x86_64-pc-linux-gnu
ac_cv_c_compiler_gnu=yes
ac_cv_env_CC_set=set
ac_cv_env_CC_value=gcc
ac_cv_env_CFLAGS_set=set
ac_cv_env_CFLAGS_value='-g -O2    '
ac_cv_env_CPPFLAGS_set=
ac_cv_env_CPPFLAGS_value=
ac_cv_env_CPP_set=
ac_cv_env_CPP_value=
ac_cv_env_DEBUGINFOD_CFLAGS_set=
ac_cv_env_DEBUGINFOD_CFLAGS_value=
ac_cv_env_DEBUGINFOD_LIBS_set=
ac_cv_env_DEBUGINFOD_LIBS_value=
ac_cv_env_LDFLAGS_set=set
ac_cv_env_LDFLAGS_value=' '
ac_cv_env_LIBS_set=
ac_cv_env_LIBS_value=
ac_cv_env_MSGPACK_CFLAGS_set=
ac_cv_env_MSGPACK_CFLAGS_value=
ac_cv_env_MSGPACK_LIBS_set=
ac_cv_env_MSGPACK_LIBS_value=
ac_cv_env_PKG_CONFIG_LIBDIR_set=
ac_cv_env_PKG_CONFIG_LIBDIR_value=
ac_cv_env_PKG_CONFIG_PATH_set=set
ac_cv_env_PKG_CONFIG_PATH_value=
ac_cv_env_PKG_CONFIG_set=
ac_cv_env_PKG_CONFIG_value=
ac_cv_env_YACC_set=set
ac_cv_env_YACC_value='bison -y'
ac_cv_env_YFLAGS_set=
ac_cv_env_YFLAGS_value=
ac_cv_env_ZSTD_CFLAGS_set=
ac_cv_env_ZSTD_CFLAGS_value=
ac_cv_env_ZSTD_LIBS_set=
ac_cv_env_ZSTD_LIBS_value=
ac_cv_env_build_alias_set=set
ac_cv_env_build_alias_value=x86_64-pc-linux-gnu
ac_cv_env_host_alias_set=set
ac_cv_env_host_alias_value=x86_64-pc-linux-gnu
ac_cv_env_target_alias_set=set
ac_cv_env_target_alias_value=x86_64-elf
ac_cv_func_fseeko64=yes
ac_cv_func_fseeko=yes
ac_cv_func_getc_unlocked=yes
ac_cv_func_getpagesize=yes
ac_cv_func_mkdtemp=yes
ac_cv_func_mkstemp=yes
ac_cv_func_mmap_fixed_mapped=yes
ac_cv_func_utimensat=yes
ac_cv_func_utimes=yes
ac_cv_have_decl_asprintf=yes
ac_cv_have_decl_environ=yes
ac_cv_have_decl_getc_unlocked=yes
ac_cv_have_decl_stpcpy=yes
ac_cv_have_decl_strnlen=yes
ac_cv_header_dlfcn_h=yes
ac_cv_header_fcntl_h=yes
ac_cv_header_iconv_h=yes
ac_cv_header_inttypes_h=yes
ac_cv_header_memory_h=yes
ac_cv_header_minix_config_h=no
ac_cv_header_stdc=yes
ac_cv_header_stdint_h=yes
ac_cv_header_stdlib_h=yes
ac_cv_header_string_h=yes
ac_cv_header_strings_h=yes
ac_cv_header_sys_file_h=yes
ac_cv_header_sys_param_h=yes
ac_cv_header_sys_stat_h=yes
ac_cv_header_sys_time_h=yes
ac_cv_header_sys_types_h=yes
ac_cv_header_sys_wait_h=yes
ac_cv_header_unistd_h=yes
ac_cv_header_windows_h=no
ac_cv_host=x86_64-pc-linux-gnu
ac_cv_lib_lex=-lfl
ac_cv_member_struct_stat_st_atim_tv_nsec=yes
ac_cv_objext=o
ac_cv_path_EGREP='/usr/bin/grep -E'
ac_cv_path_FGREP='/usr/bin/grep -F'
ac_cv_path_GMSGFMT=:
ac_cv_path_GREP=/usr/bin/grep
ac_cv_path_MSGFMT=:
ac_cv_path_MSGMERGE=:
ac_cv_path_SED=/usr/bin/sed
ac_cv_path_XGETTEXT=:
ac_cv_path_ac_pt_PKG_CONFIG=/usr/bin/pkg-config
ac_cv_path_mkdir=/usr/bin/mkdir
ac_cv_prog_AR='ar --plugin /usr/libexec/gcc/x86_64-linux-gnu/13/liblto_plugin.so'
ac_cv_prog_AWK=mawk
ac_cv_prog_CC=gcc
ac_cv_prog_CPP='gcc -E'
ac_cv_prog_LEX=flex
ac_cv_prog_OBJDUMP=objdump
ac_cv_prog_RANLIB='ranlib --plugin /usr/libexec/gcc/x86_64-linux-gnu/13/liblto_plugin.so'
ac_cv_prog_YACC='bison -y'
ac_cv_prog_ac_ct_STRIP=strip
ac_cv_prog_cc_c89=
ac_cv_prog_cc_g=yes
ac_cv_prog_lex_root=lex.yy
ac_cv_prog_lex_yytext_pointer=yes
ac_cv_prog_make_make_set=yes
ac_cv_safe_to_define___extensions__=yes
ac_cv_search_dlsym='none required'
ac_cv_search_frexp='none required'
ac_cv_sys_file_offset_bits=no
ac_cv_sys_largefile_CC=no
ac_cv_target=x86_64-pc-elf
ac_cv_typeof_struct_stat_st_atim_is_struct_timespec=yes
acl_cv_hardcode_direct=no
acl_cv_hardcode_libdir_flag_spec='${wl}-rpath ${wl}$libdir'
acl_cv_hardcode_libdir_separator=
acl_cv_hardcode_minus_L=no
acl_cv_libext=a
acl_cv_path_LD='ld -m elf_x86_64'
acl_cv_prog_gnu_ld=yes
acl_cv_rpath=done
acl_cv_shlibext=so
acl_cv_wl=-Wl,
am_cv_CC_dependencies_compiler_type=gcc3
am_cv_func_iconv=yes
am_cv_func_iconv_summary='yes, in libc'
am_cv_func_iconv_works=yes
am_cv_lib_iconv=no
am_cv_make_support_nested_variables=yes
am_cv_prog_cc_c_o=yes
am_cv_val_LC_MESSAGES=yes
bu_cv_decl_getopt_unistd_h=yes
bu_cv_header_utime_h=yes
gl_cv_iconv_nonconst=yes
gt_cv_func_CFLocaleCopyPreferredLanguages=no
gt_cv_func_CFPreferencesCopyAppValue=no
lt_cv_archive_cmds_need_lc=no
lt_cv_deplibs_check_method=pass_all
lt_cv_file_magic_cmd='$MAGIC_CMD'
lt_cv_file_magic_test_file=
lt_cv_ld_reload_flag=-r
lt_cv_nm_interface='BSD nm'
lt_cv_objdir=.libs
lt_cv_path_LD=ld
lt_cv_path_NM='/usr/bin/nm -B'
lt_cv_prog_compiler_c_o=yes
lt_cv_prog_compiler_pic_works=yes
lt_cv_prog_compiler_rtti_exceptions=no
lt_cv_prog_compiler_static_works=yes
lt_cv_prog_gnu_ld=yes
lt_cv_shlibpath_overrides_runpath=yes
lt_cv_sys_global_symbol_pipe='sed -n -e '\''s/^.*[	 ]\([ABCDGIRSTW][ABCDGIRSTW]*\)[	 ][	 ]*\([_A-Za-z][_A-Za-z0-9]*\)$/\1 \2 \2/p'\'''
lt_cv_sys_global_symbol_to_c_name_address='sed -n -e '\''s/^: \([^ ]*\) $/  {\"\1\", (void *) 0},/p'\'' -e '\''s/^[ABCDGIRSTW]* \([^ ]*\) \([^ ]*\)$/  {"\2", (void *) \&\2},/p'\'''
lt_cv_sys_global_symbol_to_c_name_address_lib_prefix='sed -n -e '\''s/^: \([^ ]*\) $/  {\"\1\", (void *) 0},/p'\'' -e '\''s/^[ABCDGIRSTW]* \([^ ]*\) \(lib[^ ]*\)$/  {"\2", (void *) \&\2},/p'\'' -e '\''s/^[ABCDGIRSTW]* \([^ ]*\) \([^ ]*\)$/  {"lib\2", (void *) \&\2},/p'\'''
lt_cv_sys_global_symbol_to_cdecl='sed -n -e '\''s/^T .* \(.*\)$/extern int \1();/p'\'' -e '\''s/^[ABCDGIRSTW]* .* \(.*\)$/extern char \1;/p'\'''
lt_cv_sys_max_cmd_len=1572864

## ----------------- ##
## Output variables. ##
## ----------------- ##

ACLOCAL='${SHELL} /home/joy0812/study/OwnOS/Kernel/binutils-2.42/missing aclocal-1.15'
AMDEPBACKSLASH='\'
AMDEP_FALSE='#'
AMDEP_TRUE=''
AMTAR='$${TAR-tar}'
AM_BACKSLASH='\'
AM_DEFAULT_V='$(AM_DEFAULT_VERBOSITY)'
AM_DEFAULT_VERBOSITY='0'
AM_V='$(V)'
AR='ar --plugin /usr/libexec/gcc/x86_64-linux-gnu/13/liblto_plugin.so --plugin /usr/libexec/gcc/x86_64-linux-gnu/13/liblto_plugin.so'
AUTOCONF='${SHELL} /home/joy0812/study/OwnOS/Kernel/binutils-2.42/missing autoconf'
AUTOHEADER='${SHELL} /home/joy0812/study/OwnOS/Kernel/binutils-2.42/missing autoheader'
AUTOMAKE='${SHELL} /home/joy0812/study/OwnOS/Kernel/binutils-2.42/missing automake-1.15'
AWK='mawk'
BUILD_DLLTOOL=''
BUILD_DLLWRAP=''
BUILD_INSTALL_MISC=''
BUILD_MISC=''
BUILD_SRCONV=''
BUILD_WINDMC=''
BUILD_WINDRES=''
CATALOGS=''
CATOBJEXT=''
CC='gcc'
CCDEPMODE='depmode=gcc3'
CC_FOR_BUILD='gcc'
CFLAGS='-g -O2    '
CPP='gcc -E'
CPPFLAGS=''
CYGPATH_W='echo'
DATADIRNAME=''
DEBUGINFOD_CFLAGS=''
DEBUGINFOD_LIBS=''
DEFS='-DHAVE_CONFIG_H'
DEMANGLER_NAME='c++filt'
DEPDIR='.deps'
DLLTOOL_DEFS=' '
DSYMUTIL='dsymutil'
DUMPBIN=''
ECHO_C=''
ECHO_N='-n'
ECHO_T=''
EGREP='/usr/bin/grep -E'
EMULATION='vanilla'
EMULATION_VECTOR='bin_vanilla_emulation'
ENABLE_LIBCTF_FALSE='#'
ENABLE_LIBCTF_TRUE=''
EXEEXT=''
EXEEXT_FOR_BUILD='$(EXEEXT)'
FGREP='/usr/bin/grep -F'
GENCAT=''
GENINSRC_NEVER_FALSE=''
GENINSRC_NEVER_TRUE='#'
GMSGFMT=':'
GREP='/usr/bin/grep'
HDEFINES=''
INCINTL=''
INSTALL_DATA='/usr/bin/install -c -m 644'
INSTALL_PROGRAM='/usr/bin/install -c'
INSTALL_SCRIPT='/usr/bin/install -c'
INSTALL_STRIP_PROGRAM='$(install_sh) -c -s'
INSTOBJEXT=''
INTLLIBS=''
INTL_MACOSX_LIBS=''
LARGEFILE_CPPFLAGS=''
LD='ld -m elf_x86_64'
LDFLAGS=' '
LEX='flex'
LEXLIB='-lfl'
LEX_OUTPUT_ROOT='lex.yy'
LIBICONV=''
LIBINTL=''
LIBINTL_DEP=''
LIBOBJS=''
LIBS=''
LIBTOOL='$(SHELL) $(top_builddir)/libtool'
LIPO=''
LN_S='ln -s'
LTLIBICONV=''
LTLIBINTL=''
LTLIBOBJS=''
MAINT='#'
MAINTAINER_MODE_FALSE=''
MAINTAINER_MODE_TRUE='#'
MAKEINFO='makeinfo --split-size=5000000'
MKDIR_P='/usr/bin/mkdir -p'
MKINSTALLDIRS='$(top_builddir)/../../binutils-2.42/binutils/../mkinstalldirs'
MSGFMT=':'
MSGMERGE=':'
MSGPACK_CFLAGS=''
MSGPACK_LIBS=''
NM='/usr/bin/nm -B'
NMEDIT=''
NO_WERROR=''
OBJDUMP='objdump'
OBJDUMP_DEFS=' -DOBJDUMP_PRIVATE_VECTORS=""'
OBJDUMP_PRIVATE_OFILES=''
OBJEXT='o'
OTOOL64=''
OTOOL='otool'
PACKAGE='binutils'
PACKAGE_BUGREPORT=''
PACKAGE_NAME='binutils'
PACKAGE_STRING='binutils 2.42'
PACKAGE_TARNAME='binutils'
PACKAGE_URL=''
PACKAGE_VERSION='2.42'
PATH_SEPARATOR=':'
PKG_CONFIG='/usr/bin/pkg-config'
PKG_CONFIG_LIBDIR=''
PKG_CONFIG_PATH=''
POSUB=''
RANLIB='ranlib --plugin /usr/libexec/gcc/x86_64-linux-gnu/13/liblto_plugin.so'
SED='/usr/bin/sed'
SET_MAKE=''
SHELL='/bin/bash'
STRIP='strip'
USE_NLS='no'
VERSION='2.42'
WARN_CFLAGS='-W -Wall -Wstrict-prototypes -Wmissing-prototypes -Wshadow -Wstack-usage=262144'
WARN_CFLAGS_FOR_BUILD='-W -Wall -Wstrict-prototypes -Wmissing-prototypes -Wshadow -Wstack-usage=262144'
WARN_WRITE_STRINGS='-Wwrite-strings'
XGETTEXT=':'
YACC='bison -y'
YFLAGS=''
ZSTD_CFLAGS=''
ZSTD_LIBS=''
ac_ct_CC=''
ac_ct_DUMPBIN=''
am__EXEEXT_FALSE=''
am__EXEEXT_TRUE='#'
am__fastdepCC_FALSE='#'
am__fastdepCC_TRUE=''
am__include='include'
am__isrc=' -I$(srcdir)'
am__leading_dot='.'
am__nodep='_no'
am__quote=''
am__tar='$${TAR-tar} chof - "$$tardir"'
am__untar='$${TAR-tar} xf -'
bindir='${exec_prefix}/bin'
build='x86_64-pc-linux-gnu'
build_alias='x86_64-pc-linux-gnu'
build_cpu='x86_64'
build_os='linux-gnu'
build_vendor='pc'
datadir='${datarootdir}'
datarootdir='${prefix}/share'
docdir='${datarootdir}/doc/${PACKAGE_TARNAME}'
dvidir='${docdir}'
exec_prefix='${prefix}'
host='x86_64-pc-linux-gnu'
host_alias='x86_64-pc-linux-gnu'
host_cpu='x86_64'
host_os='linux-gnu'
host_vendor='pc'
htmldir='${docdir}'
includedir='${prefix}/include'
infodir='${datarootdir}/info'
install_sh='${SHELL} /home/joy0812/study/OwnOS/Kernel/binutils-2.42/install-sh'
libdir='${exec_prefix}/lib'
libexecdir='${exec_prefix}/libexec'
localedir='${datarootdir}/locale'
localstatedir='${prefix}/var'
mandir='${datarootdir}/man'
mkdir_p='$(MKDIR_P)'
oldincludedir='/usr/include'
pdfdir='${docdir}'
prefix='/usr/local/cross'
program_transform_name='s&^&x86_64-elf-&'
psdir='${docdir}'
sbindir='${exec_prefix}/sbin'
sharedstatedir='${prefix}/com'
sysconfdir='${prefix}/etc'
target='x86_64-pc-elf'
target_alias='x86_64-elf'
target_cpu='x86_64'
target_os='elf'
target_vendor='pc'
zlibdir='-L$(top_builddir)/../zlib'
zlibinc='-I$(top_srcdir)/../zlib'

## ----------- ##
## confdefs.h. ##
## ----------- ##

/* confdefs.h */
#define PACKAGE_NAME "binutils"
#define PACKAGE_TARNAME "binutils"
#define PACKAGE_VERSION "2.42"
#define PACKAGE_STRING "binutils 2.42"
#define PACKAGE_BUGREPORT ""
#define PACKAGE_URL ""
#define PACKAGE "binutils"
#define VERSION "2.42"
#define STDC_HEADERS 1
#define HAVE_SYS_TYPES_H 1
#define HAVE_SYS_STAT_H 1
#define HAVE_STDLIB_H 1
#define HAVE_STRING_H 1
#define HAVE_MEMORY_H 1
#define HAVE_STRINGS_H 1
#define HAVE_INTTYPES_H 1
#define HAVE_STDINT_H 1
#define HAVE_UNISTD_H 1
#define __EXTENSIONS__ 1
#define _ALL_SOURCE 1
#define _GNU_SOURCE 1
#define _POSIX_PTHREAD_SEMANTICS 1
#define _TANDEM_SOURCE 1
#define HAVE_DLFCN_H 1
#define LT_OBJDIR ".libs/"
#define HAVE_DLFCN_H 1
#define DEFAULT_AR_DETERMINISTIC 0
#define DEFAULT_STRINGS_ALL 1
#define DEFAULT_F_FOR_IFUNC_SYMBOLS 0
#define DEFAULT_FOR_FOLLOW_LINKS 1
#define DEFAULT_FOR_COLORED_DISASSEMBLY 0
#define ENABLE_LIBCTF 1
#define YYTEXT_POINTER 1
#define EXECUTABLE_SUFFIX ""
#define HAVE_FCNTL_H 1
#define HAVE_INTTYPES_H 1
#define HAVE_STDINT_H 1
#define HAVE_SYS_FILE_H 1
#define HAVE_SYS_STAT_H 1
#define HAVE_SYS_TIME_H 1
#define HAVE_SYS_TYPES_H 1
#define HAVE_UNISTD_H 1
#define HAVE_SYS_WAIT_H 1
#define HAVE_STDLIB_H 1
#define HAVE_UNISTD_H 1
#define HAVE_SYS_PARAM_H 1
#define HAVE_GETPAGESIZE 1
#define HAVE_MMAP 1
#define HAVE_FSEEKO 1
#define HAVE_FSEEKO64 1
#define HAVE_GETC_UNLOCKED 1
#define HAVE_MKDTEMP 1
#define HAVE_MKSTEMP 1
#define HAVE_UTIMENSAT 1
#define HAVE_UTIMES 1
#define HAVE_MBSTATE_T 1
#define HAVE_STRUCT_STAT_ST_ATIM_TV_NSEC 1
#define TYPEOF_STRUCT_STAT_ST_ATIM_IS_STRUCT_TIMESPEC 1
#define HAVE_LC_MESSAGES 1
#define HAVE_DECL_GETOPT 1
#define HAVE_GOOD_UTIME_H 1
#define HAVE_DECL_ASPRINTF 1
#define HAVE_DECL_ENVIRON 1
#define HAVE_DECL_GETC_UNLOCKED 1
#define HAVE_DECL_STPCPY 1
#define HAVE_DECL_STRNLEN 1
#define HAVE_ICONV 1
#define ICONV_CONST 
#define TARGET "x86_64-pc-elf"
#define TARGET_PREPENDS_UNDERSCORE 0

configure: exit 0
