This file contains any messages produced by compilers while
running configure, to aid debugging if configure makes a mistake.

It was created by configure, which was
generated by GNU Autoconf 2.69.  Invocation command line was

  $ /home/joy0812/study/OwnOS/Kernel/binutils-2.42/libiberty/configure --srcdir=../../binutils-2.42/libiberty --cache-file=./config.cache --with-gnu-as --with-gnu-ld --prefix=/usr/local/cross --with-sysroot --disable-nls --disable-werror --program-transform-name=s&^&x86_64-elf-& --disable-option-checking --build=x86_64-pc-linux-gnu --host=x86_64-pc-linux-gnu --target=x86_64-elf

## --------- ##
## Platform. ##
## --------- ##

hostname = joy0812-ASUS-TUF-Gaming-A14-FA401KM-FA401KM
uname -m = x86_64
uname -r = 6.14.0-33-generic
uname -s = Linux
uname -v = #33~24.04.1-Ubuntu SMP PREEMPT_DYNAMIC Fri Sep 19 17:02:30 UTC 2

/usr/bin/uname -p = x86_64
/bin/uname -X     = unknown

/bin/arch              = x86_64
/usr/bin/arch -k       = unknown
/usr/convex/getsysinfo = unknown
/usr/bin/hostinfo      = unknown
/bin/machine           = unknown
/usr/bin/oslevel       = unknown
/bin/universe          = unknown

PATH: /usr/local/sbin
PATH: /usr/local/bin
PATH: /usr/sbin
PATH: /usr/bin
PATH: /sbin
PATH: /bin
PATH: /usr/games
PATH: /usr/local/games
PATH: /snap/bin


## ----------- ##
## Core tests. ##
## ----------- ##

configure:2384: loading cache ./config.cache
configure:2553: checking whether to enable maintainer-specific portions of Makefiles
configure:2563: result: no
configure:2583: checking for makeinfo
configure:2610: result: makeinfo --split-size=5000000
configure:2650: checking for perl
configure:2677: result: perl
configure:2696: checking build system type
configure:2710: result: x86_64-pc-linux-gnu
configure:2730: checking host system type
configure:2743: result: x86_64-pc-linux-gnu
configure:2768: checking for x86_64-pc-linux-gnu-ar
configure:2795: result: ar --plugin /usr/libexec/gcc/x86_64-linux-gnu/13/liblto_plugin.so
configure:2860: checking for x86_64-pc-linux-gnu-ranlib
configure:2887: result: ranlib --plugin /usr/libexec/gcc/x86_64-linux-gnu/13/liblto_plugin.so
configure:2950: checking for -plugin option
configure:2968: checking for x86_64-pc-linux-gnu-ar
configure:2995: result: ar --plugin /usr/libexec/gcc/x86_64-linux-gnu/13/liblto_plugin.so
configure:3070: result: --plugin /usr/libexec/gcc/x86_64-linux-gnu/13/liblto_plugin.so
configure:3110: checking whether to install libiberty headers and static library
configure:3133: result: no
configure:3135: target_header_dir = 
configure:3147: checking for x86_64-pc-linux-gnu-gcc
configure:3174: result: gcc
configure:3443: checking for C compiler version
configure:3452: gcc --version >&5
gcc (Ubuntu 13.3.0-6ubuntu2~24.04) 13.3.0
Copyright (C) 2023 Free Software Foundation, Inc.
This is free software; see the source for copying conditions.  There is NO
warranty; not even for MERCHANTABILITY or FITNESS FOR A PARTICULAR PURPOSE.

configure:3463: $? = 0
configure:3452: gcc -v >&5
Using built-in specs.
COLLECT_GCC=gcc
COLLECT_LTO_WRAPPER=/usr/libexec/gcc/x86_64-linux-gnu/13/lto-wrapper
OFFLOAD_TARGET_NAMES=nvptx-none:amdgcn-amdhsa
OFFLOAD_TARGET_DEFAULT=1
Target: x86_64-linux-gnu
Configured with: ../src/configure -v --with-pkgversion='Ubuntu 13.3.0-6ubuntu2~24.04' --with-bugurl=file:///usr/share/doc/gcc-13/README.Bugs --enable-languages=c,ada,c++,go,d,fortran,objc,obj-c++,m2 --prefix=/usr --with-gcc-major-version-only --program-suffix=-13 --program-prefix=x86_64-linux-gnu- --enable-shared --enable-linker-build-id --libexecdir=/usr/libexec --without-included-gettext --enable-threads=posix --libdir=/usr/lib --enable-nls --enable-bootstrap --enable-clocale=gnu --enable-libstdcxx-debug --enable-libstdcxx-time=yes --with-default-libstdcxx-abi=new --enable-libstdcxx-backtrace --enable-gnu-unique-object --disable-vtable-verify --enable-plugin --enable-default-pie --with-system-zlib --enable-libphobos-checking=release --with-target-system-zlib=auto --enable-objc-gc=auto --enable-multiarch --disable-werror --enable-cet --with-arch-32=i686 --with-abi=m64 --with-multilib-list=m32,m64,mx32 --enable-multilib --with-tune=generic --enable-offload-targets=nvptx-none=/build/gcc-13-fG75Ri/gcc-13-13.3.0/debian/tmp-nvptx/usr,amdgcn-amdhsa=/build/gcc-13-fG75Ri/gcc-13-13.3.0/debian/tmp-gcn/usr --enable-offload-defaulted --without-cuda-driver --enable-checking=release --build=x86_64-linux-gnu --host=x86_64-linux-gnu --target=x86_64-linux-gnu --with-build-config=bootstrap-lto-lean --enable-link-serialization=2
Thread model: posix
Supported LTO compression algorithms: zlib zstd
gcc version 13.3.0 (Ubuntu 13.3.0-6ubuntu2~24.04) 
... rest of stderr output deleted ...
configure:3463: $? = 0
configure:3452: gcc -V >&5
gcc: error: unrecognized command-line option '-V'
gcc: fatal error: no input files
compilation terminated.
configure:3463: $? = 1
configure:3452: gcc -qversion >&5
gcc: error: unrecognized command-line option '-qversion'; did you mean '--version'?
gcc: fatal error: no input files
compilation terminated.
configure:3463: $? = 1
configure:3479: gcc -o conftest -g -O2        conftest.c  >&5
configure:3482: $? = 0
configure:3511: checking whether the C compiler works
configure:3533: gcc -g -O2        conftest.c  >&5
configure:3537: $? = 0
configure:3585: result: yes
configure:3588: checking for C compiler default output file name
configure:3590: result: a.out
configure:3596: checking for suffix of executables
configure:3603: gcc -o conftest -g -O2        conftest.c  >&5
configure:3607: $? = 0
configure:3629: result: 
configure:3651: checking whether we are cross compiling
configure:3659: gcc -o conftest -g -O2        conftest.c  >&5
configure:3663: $? = 0
configure:3670: ./conftest
configure:3674: $? = 0
configure:3689: result: no
configure:3695: checking for suffix of object files
configure:3742: result: o
configure:3746: checking whether we are using the GNU C compiler
configure:3774: result: yes
configure:3783: checking whether gcc accepts -g
configure:3844: result: yes
configure:3861: checking for gcc option to accept ISO C89
configure:3937: result: none needed
configure:3963: checking how to run the C preprocessor
configure:4033: result: gcc -E
configure:4053: gcc -E  conftest.c
configure:4053: $? = 0
configure:4067: gcc -E  conftest.c
conftest.c:9:10: fatal error: ac_nonexistent.h: No such file or directory
    9 | #include <ac_nonexistent.h>
      |          ^~~~~~~~~~~~~~~~~~
compilation terminated.
configure:4067: $? = 1
configure: failed program was:
| /* confdefs.h */
| #define PACKAGE_NAME ""
| #define PACKAGE_TARNAME ""
| #define PACKAGE_VERSION ""
| #define PACKAGE_STRING ""
| #define PACKAGE_BUGREPORT ""
| #define PACKAGE_URL ""
| /* end confdefs.h.  */
| #include <ac_nonexistent.h>
configure:4096: checking for grep that handles long lines and -e
configure:4154: result: /usr/bin/grep
configure:4159: checking for egrep
configure:4221: result: /usr/bin/grep -E
configure:4226: checking for ANSI C header files
configure:4330: result: yes
configure:4343: checking for sys/types.h
configure:4343: result: yes
configure:4343: checking for sys/stat.h
configure:4343: result: yes
configure:4343: checking for stdlib.h
configure:4343: result: yes
configure:4343: checking for string.h
configure:4343: result: yes
configure:4343: checking for memory.h
configure:4343: result: yes
configure:4343: checking for strings.h
configure:4343: result: yes
configure:4343: checking for inttypes.h
configure:4343: result: yes
configure:4343: checking for stdint.h
configure:4343: result: yes
configure:4343: checking for unistd.h
configure:4343: result: yes
configure:4356: checking for minix/config.h
configure:4356: result: no
configure:4377: checking whether it is safe to define __EXTENSIONS__
configure:4402: result: yes
configure:4424: checking for special C compiler options needed for large files
configure:4469: result: no
configure:4475: checking for _FILE_OFFSET_BITS value needed for large files
configure:4532: result: no
configure:4639: checking whether gcc supports -W
configure:4665: result: yes
configure:4639: checking whether gcc supports -Wall
configure:4665: result: yes
configure:4639: checking whether gcc supports -Wwrite-strings
configure:4665: result: yes
configure:4639: checking whether gcc supports -Wc++-compat
configure:4665: result: yes
configure:4639: checking whether gcc supports -Wstrict-prototypes
configure:4665: result: yes
configure:4639: checking whether gcc supports -Wshadow=local
configure:4665: result: yes
configure:4688: checking whether gcc supports -pedantic 
configure:4714: result: yes
configure:4730: checking whether gcc and cc understand -c and -o together
configure:4830: result: yes
configure:4849: checking for an ANSI C-conforming const
configure:4922: result: yes
configure:4930: checking for inline
configure:4954: result: inline
configure:4972: checking whether byte ordering is bigendian
configure:5178: result: no
configure:5217: checking for a BSD-compatible install
configure:5285: result: /usr/bin/install -c
configure:5438: checking for CET support
configure:5467: gcc -c -g -O2     -fcf-protection  conftest.c >&5
configure:5467: $? = 0
configure:5536: gcc -o conftest -g -O2     -fcf-protection=none    -Wl,-z,ibt,-z,shstk conftest.c  >&5
configure:5536: $? = 0
configure:5564: gcc -o conftest -g -O2     -fcf-protection=none    -Wl,-z,ibt,-z,shstk conftest.c  >&5
configure:5564: $? = 0
configure:5564: ./conftest
configure:5564: $? = 0
configure:5611: gcc -o conftest -g -O2     -fcf-protection=none    -Wl,-z,ibt,-z,shstk conftest.c  >&5
configure:5611: $? = 0
configure:5611: ./conftest
configure:5611: $? = 0
configure:5632: result: yes
configure:5643: checking target system type
configure:5656: result: x86_64-pc-elf
configure:5752: checking for sys/file.h
configure:5752: result: yes
configure:5752: checking for sys/param.h
configure:5752: result: yes
configure:5752: checking for limits.h
configure:5752: result: yes
configure:5752: checking for stdlib.h
configure:5752: result: yes
configure:5752: checking for malloc.h
configure:5752: result: yes
configure:5752: checking for string.h
configure:5752: result: yes
configure:5752: checking for unistd.h
configure:5752: result: yes
configure:5752: checking for strings.h
configure:5752: result: yes
configure:5752: checking for sys/time.h
configure:5752: result: yes
configure:5752: checking for time.h
configure:5752: result: yes
configure:5752: checking for sys/resource.h
configure:5752: result: yes
configure:5752: checking for sys/stat.h
configure:5752: result: yes
configure:5752: checking for sys/mman.h
configure:5752: result: yes
configure:5752: checking for fcntl.h
configure:5752: result: yes
configure:5752: checking for alloca.h
configure:5752: result: yes
configure:5752: checking for sys/pstat.h
configure:5752: result: no
configure:5752: checking for sys/sysmp.h
configure:5752: result: no
configure:5752: checking for sys/sysinfo.h
configure:5752: result: yes
configure:5752: checking for machine/hal_sysinfo.h
configure:5752: result: no
configure:5752: checking for sys/table.h
configure:5752: result: no
configure:5752: checking for sys/sysctl.h
configure:5752: result: no
configure:5752: checking for sys/systemcfg.h
configure:5752: result: no
configure:5752: checking for stdint.h
configure:5752: result: yes
configure:5752: checking for stdio_ext.h
configure:5752: result: yes
configure:5752: checking for process.h
configure:5752: result: no
configure:5752: checking for sys/prctl.h
configure:5752: result: yes
configure:5752: checking for spawn.h
configure:5752: result: yes
configure:5761: checking for sys/wait.h that is POSIX.1 compatible
configure:5794: result: yes
configure:5802: checking whether time.h and sys/time.h may both be included
configure:5829: result: yes
configure:5838: checking whether errno must be declared
configure:5861: result: no
configure:5875: checking size of int
configure:5894: result: 4
configure:5908: checking size of long
configure:5927: result: 8
configure:5941: checking size of size_t
configure:5960: result: 8
configure:5972: checking for long long
configure:5972: result: yes
configure:5980: checking size of long long
configure:5999: result: 8
configure:6013: checking for a 64-bit type
configure:6081: result: uint64_t
configure:6092: checking for intptr_t
configure:6092: result: yes
configure:6128: checking for uintptr_t
configure:6128: result: yes
configure:6164: checking for ssize_t
configure:6164: result: yes
configure:6183: checking for pid_t
configure:6183: result: yes
configure:6890: checking for library containing strerror
configure:6941: result: none required
configure:6952: checking for asprintf
configure:6952: result: yes
configure:6952: checking for atexit
configure:6952: result: yes
configure:6952: checking for basename
configure:6952: result: yes
configure:6952: checking for bcmp
configure:6952: result: yes
configure:6952: checking for bcopy
configure:6952: result: yes
configure:6952: checking for bsearch
configure:6952: result: yes
configure:6952: checking for bzero
configure:6952: result: yes
configure:6952: checking for calloc
configure:6952: result: yes
configure:6952: checking for clock
configure:6952: result: yes
configure:6952: checking for ffs
configure:6952: result: yes
configure:6952: checking for getcwd
configure:6952: result: yes
configure:6952: checking for getpagesize
configure:6952: result: yes
configure:6952: checking for gettimeofday
configure:6952: result: yes
configure:6952: checking for index
configure:6952: result: yes
configure:6952: checking for insque
configure:6952: result: yes
configure:6952: checking for memchr
configure:6952: result: yes
configure:6952: checking for memcmp
configure:6952: result: yes
configure:6952: checking for memcpy
configure:6952: result: yes
configure:6952: checking for memmem
configure:6952: result: yes
configure:6952: checking for memmove
configure:6952: result: yes
configure:6952: checking for mempcpy
configure:6952: result: yes
configure:6952: checking for memset
configure:6952: result: yes
configure:6952: checking for mkstemps
configure:6952: result: yes
configure:6952: checking for putenv
configure:6952: result: yes
configure:6952: checking for random
configure:6952: result: yes
configure:6952: checking for rename
configure:6952: result: yes
configure:6952: checking for rindex
configure:6952: result: yes
configure:6952: checking for setenv
configure:6952: result: yes
configure:6952: checking for snprintf
configure:6952: result: yes
configure:6952: checking for sigsetmask
configure:6952: result: yes
configure:6952: checking for stpcpy
configure:6952: result: yes
configure:6952: checking for stpncpy
configure:6952: result: yes
configure:6952: checking for strcasecmp
configure:6952: result: yes
configure:6952: checking for strchr
configure:6952: result: yes
configure:6952: checking for strdup
configure:6952: result: yes
configure:6952: checking for strncasecmp
configure:6952: result: yes
configure:6952: checking for strndup
configure:6952: result: yes
configure:6952: checking for strnlen
configure:6952: result: yes
configure:6952: checking for strrchr
configure:6952: result: yes
configure:6952: checking for strstr
configure:6952: result: yes
configure:6952: checking for strtod
configure:6952: result: yes
configure:6952: checking for strtol
configure:6952: result: yes
configure:6952: checking for strtoul
configure:6952: result: yes
configure:6952: checking for strtoll
configure:6952: result: yes
configure:6952: checking for strtoull
configure:6952: result: yes
configure:6952: checking for strverscmp
configure:6952: result: yes
configure:6952: checking for tmpnam
configure:6952: result: yes
configure:6952: checking for vasprintf
configure:6952: result: yes
configure:6952: checking for vfprintf
configure:6952: result: yes
configure:6952: checking for vprintf
configure:6952: result: yes
configure:6952: checking for vsnprintf
configure:6952: result: yes
configure:6952: checking for vsprintf
configure:6952: result: yes
configure:6952: checking for waitpid
configure:6952: result: yes
configure:6952: checking for setproctitle
configure:6952: result: no
configure:6968: checking whether alloca needs Cray hooks
configure:6991: result: no
configure:7008: checking stack direction for C alloca
configure:7050: result: 1
configure:7060: checking for vfork.h
configure:7060: result: no
configure:7072: checking for fork
configure:7072: result: yes
configure:7072: checking for vfork
configure:7072: result: yes
configure:7082: checking for working fork
configure:7114: result: yes
configure:7135: checking for working vfork
configure:7245: result: yes
configure:7299: checking for _doprnt
configure:7299: result: no
configure:7311: checking for sys_errlist
configure:7348: result: no
configure:7311: checking for sys_nerr
configure:7348: result: no
configure:7311: checking for sys_siglist
configure:7348: result: no
configure:7355: checking for external symbol _system_configuration
configure:7368: gcc -c -g -O2      conftest.c >&5
conftest.c:113:10: fatal error: sys/systemcfg.h: No such file or directory
  113 | #include <sys/systemcfg.h>
      |          ^~~~~~~~~~~~~~~~~
compilation terminated.
configure:7368: $? = 1
configure: failed program was:
| /* confdefs.h */
| #define PACKAGE_NAME ""
| #define PACKAGE_TARNAME ""
| #define PACKAGE_VERSION ""
| #define PACKAGE_STRING ""
| #define PACKAGE_BUGREPORT ""
| #define PACKAGE_URL ""
| #define STDC_HEADERS 1
| #define HAVE_SYS_TYPES_H 1
| #define HAVE_SYS_STAT_H 1
| #define HAVE_STDLIB_H 1
| #define HAVE_STRING_H 1
| #define HAVE_MEMORY_H 1
| #define HAVE_STRINGS_H 1
| #define HAVE_INTTYPES_H 1
| #define HAVE_STDINT_H 1
| #define HAVE_UNISTD_H 1
| #define __EXTENSIONS__ 1
| #define _ALL_SOURCE 1
| #define _GNU_SOURCE 1
| #define _POSIX_PTHREAD_SEMANTICS 1
| #define _TANDEM_SOURCE 1
| #define HAVE_SYS_FILE_H 1
| #define HAVE_SYS_PARAM_H 1
| #define HAVE_LIMITS_H 1
| #define HAVE_STDLIB_H 1
| #define HAVE_MALLOC_H 1
| #define HAVE_STRING_H 1
| #define HAVE_UNISTD_H 1
| #define HAVE_STRINGS_H 1
| #define HAVE_SYS_TIME_H 1
| #define HAVE_TIME_H 1
| #define HAVE_SYS_RESOURCE_H 1
| #define HAVE_SYS_STAT_H 1
| #define HAVE_SYS_MMAN_H 1
| #define HAVE_FCNTL_H 1
| #define HAVE_ALLOCA_H 1
| #define HAVE_SYS_SYSINFO_H 1
| #define HAVE_STDINT_H 1
| #define HAVE_STDIO_EXT_H 1
| #define HAVE_SYS_PRCTL_H 1
| #define HAVE_SPAWN_H 1
| #define HAVE_SYS_WAIT_H 1
| #define TIME_WITH_SYS_TIME 1
| #define SIZEOF_INT 4
| #define SIZEOF_LONG 8
| #define SIZEOF_SIZE_T 8
| #define HAVE_LONG_LONG 1
| #define SIZEOF_LONG_LONG 8
| #define UNSIGNED_64BIT_TYPE uint64_t
| #define HAVE_INTPTR_T 1
| #define HAVE_UINTPTR_T 1
| #define HAVE_UINTPTR_T 1
| #define HAVE_ASPRINTF 1
| #define HAVE_ATEXIT 1
| #define HAVE_BASENAME 1
| #define HAVE_BCMP 1
| #define HAVE_BCOPY 1
| #define HAVE_BSEARCH 1
| #define HAVE_BZERO 1
| #define HAVE_CALLOC 1
| #define HAVE_CLOCK 1
| #define HAVE_FFS 1
| #define HAVE_GETCWD 1
| #define HAVE_GETPAGESIZE 1
| #define HAVE_GETTIMEOFDAY 1
| #define HAVE_INDEX 1
| #define HAVE_INSQUE 1
| #define HAVE_MEMCHR 1
| #define HAVE_MEMCMP 1
| #define HAVE_MEMCPY 1
| #define HAVE_MEMMEM 1
| #define HAVE_MEMMOVE 1
| #define HAVE_MEMPCPY 1
| #define HAVE_MEMSET 1
| #define HAVE_MKSTEMPS 1
| #define HAVE_PUTENV 1
| #define HAVE_RANDOM 1
| #define HAVE_RENAME 1
| #define HAVE_RINDEX 1
| #define HAVE_SETENV 1
| #define HAVE_SNPRINTF 1
| #define HAVE_SIGSETMASK 1
| #define HAVE_STPCPY 1
| #define HAVE_STPNCPY 1
| #define HAVE_STRCASECMP 1
| #define HAVE_STRCHR 1
| #define HAVE_STRDUP 1
| #define HAVE_STRNCASECMP 1
| #define HAVE_STRNDUP 1
| #define HAVE_STRNLEN 1
| #define HAVE_STRRCHR 1
| #define HAVE_STRSTR 1
| #define HAVE_STRTOD 1
| #define HAVE_STRTOL 1
| #define HAVE_STRTOUL 1
| #define HAVE_STRTOLL 1
| #define HAVE_STRTOULL 1
| #define HAVE_STRVERSCMP 1
| #define HAVE_TMPNAM 1
| #define HAVE_VASPRINTF 1
| #define HAVE_VFPRINTF 1
| #define HAVE_VPRINTF 1
| #define HAVE_VSNPRINTF 1
| #define HAVE_VSPRINTF 1
| #define HAVE_WAITPID 1
| #define STACK_DIRECTION 1
| #define HAVE_FORK 1
| #define HAVE_VFORK 1
| #define HAVE_WORKING_VFORK 1
| #define HAVE_WORKING_FORK 1
| /* end confdefs.h.  */
| #include <sys/systemcfg.h>
| int
| main ()
| {
| double x = _system_configuration.physmem;
|   ;
|   return 0;
| }
configure:7375: result: no
configure:7383: checking for __fsetlocking
configure:7383: result: yes
configure:7383: checking for canonicalize_file_name
configure:7383: result: yes
configure:7383: checking for dup3
configure:7383: result: yes
configure:7383: checking for getrlimit
configure:7383: result: yes
configure:7383: checking for getrusage
configure:7383: result: yes
configure:7383: checking for getsysinfo
configure:7383: result: no
configure:7383: checking for gettimeofday
configure:7383: result: yes
configure:7383: checking for on_exit
configure:7383: result: yes
configure:7383: checking for pipe2
configure:7383: result: yes
configure:7383: checking for posix_spawn
configure:7383: result: yes
configure:7383: checking for posix_spawnp
configure:7383: result: yes
configure:7383: checking for psignal
configure:7383: result: yes
configure:7383: checking for pstat_getdynamic
configure:7383: result: no
configure:7383: checking for pstat_getstatic
configure:7383: result: no
configure:7383: checking for realpath
configure:7383: result: yes
configure:7383: checking for setrlimit
configure:7383: result: yes
configure:7383: checking for spawnve
configure:7383: result: no
configure:7383: checking for spawnvpe
configure:7383: result: no
configure:7383: checking for strerror
configure:7383: result: yes
configure:7383: checking for strsignal
configure:7383: result: yes
configure:7383: checking for sysconf
configure:7383: result: yes
configure:7383: checking for sysctl
configure:7383: result: no
configure:7383: checking for sysmp
configure:7383: result: no
configure:7383: checking for table
configure:7383: result: no
configure:7383: checking for times
configure:7383: result: yes
configure:7383: checking for wait3
configure:7383: result: yes
configure:7383: checking for wait4
configure:7383: result: yes
configure:7383: checking for sbrk
configure:7383: result: yes
configure:7393: checking whether basename is declared
configure:7393: result: yes
configure:7403: checking whether ffs is declared
configure:7403: result: yes
configure:7413: checking whether asprintf is declared
configure:7413: result: yes
configure:7423: checking whether vasprintf is declared
configure:7423: result: yes
configure:7433: checking whether snprintf is declared
configure:7433: result: yes
configure:7443: checking whether vsnprintf is declared
configure:7443: result: yes
configure:7454: checking whether calloc is declared
configure:7454: result: yes
configure:7464: checking whether getenv is declared
configure:7464: result: yes
configure:7474: checking whether getopt is declared
configure:7474: result: yes
configure:7484: checking whether malloc is declared
configure:7484: result: yes
configure:7494: checking whether realloc is declared
configure:7494: result: yes
configure:7507: checking whether sbrk is declared
configure:7507: result: yes
configure:7519: checking whether strtol is declared
configure:7519: result: yes
configure:7529: checking whether strtoul is declared
configure:7529: result: yes
configure:7539: checking whether strtoll is declared
configure:7539: result: yes
configure:7549: checking whether strtoull is declared
configure:7549: result: yes
configure:7560: checking whether strverscmp is declared
configure:7560: result: yes
configure:7571: checking whether strnlen is declared
configure:7571: result: yes
configure:7582: checking whether canonicalize_file_name must be declared
configure:7621: result: no
configure:7640: checking for SHA1 HW acceleration support
configure:7688: gcc -c -g -O2      conftest.c >&5
configure:7688: $? = 0
configure:7689: result: x86 SHA1
configure:7706: checking for stdlib.h
configure:7706: result: yes
configure:7706: checking for unistd.h
configure:7706: result: yes
configure:7706: checking for sys/param.h
configure:7706: result: yes
configure:7730: checking for getpagesize
configure:7730: result: yes
configure:7739: checking for working mmap
configure:7896: result: yes
configure:7907: checking for working strncmp
configure:7993: result: yes
configure:8140: creating ./config.status

## ---------------------- ##
## Running config.status. ##
## ---------------------- ##

This file was extended by config.status, which was
generated by GNU Autoconf 2.69.  Invocation command line was

  CONFIG_FILES    = 
  CONFIG_HEADERS  = 
  CONFIG_LINKS    = 
  CONFIG_COMMANDS = 
  $ ./config.status 

on joy0812-ASUS-TUF-Gaming-A14-FA401KM-FA401KM

config.status:1021: creating Makefile
config.status:1021: creating testsuite/Makefile
config.status:1021: creating config.h
config.status:1186: config.h is unchanged
config.status:1200: executing default commands

## ---------------- ##
## Cache variables. ##
## ---------------- ##

ac_cv_build=x86_64-pc-linux-gnu
ac_cv_c_bigendian=no
ac_cv_c_compiler_gnu=yes
ac_cv_c_const=yes
ac_cv_c_inline=inline
ac_cv_c_stack_direction=1
ac_cv_env_CC_set=set
ac_cv_env_CC_value=gcc
ac_cv_env_CFLAGS_set=set
ac_cv_env_CFLAGS_value='-g -O2    '
ac_cv_env_CPPFLAGS_set=
ac_cv_env_CPPFLAGS_value=
ac_cv_env_CPP_set=
ac_cv_env_CPP_value=
ac_cv_env_LDFLAGS_set=set
ac_cv_env_LDFLAGS_value=' '
ac_cv_env_LIBS_set=
ac_cv_env_LIBS_value=
ac_cv_env_build_alias_set=set
ac_cv_env_build_alias_value=x86_64-pc-linux-gnu
ac_cv_env_host_alias_set=set
ac_cv_env_host_alias_value=x86_64-pc-linux-gnu
ac_cv_env_target_alias_set=set
ac_cv_env_target_alias_value=x86_64-elf
ac_cv_func___fsetlocking=yes
ac_cv_func__doprnt=no
ac_cv_func_asprintf=yes
ac_cv_func_atexit=yes
ac_cv_func_basename=yes
ac_cv_func_bcmp=yes
ac_cv_func_bcopy=yes
ac_cv_func_bsearch=yes
ac_cv_func_bzero=yes
ac_cv_func_calloc=yes
ac_cv_func_canonicalize_file_name=yes
ac_cv_func_clock=yes
ac_cv_func_dup3=yes
ac_cv_func_ffs=yes
ac_cv_func_fork=yes
ac_cv_func_fork_works=yes
ac_cv_func_getcwd=yes
ac_cv_func_getpagesize=yes
ac_cv_func_getrlimit=yes
ac_cv_func_getrusage=yes
ac_cv_func_getsysinfo=no
ac_cv_func_gettimeofday=yes
ac_cv_func_index=yes
ac_cv_func_insque=yes
ac_cv_func_memchr=yes
ac_cv_func_memcmp=yes
ac_cv_func_memcpy=yes
ac_cv_func_memmem=yes
ac_cv_func_memmove=yes
ac_cv_func_mempcpy=yes
ac_cv_func_memset=yes
ac_cv_func_mkstemps=yes
ac_cv_func_mmap_fixed_mapped=yes
ac_cv_func_on_exit=yes
ac_cv_func_pipe2=yes
ac_cv_func_posix_spawn=yes
ac_cv_func_posix_spawnp=yes
ac_cv_func_psignal=yes
ac_cv_func_pstat_getdynamic=no
ac_cv_func_pstat_getstatic=no
ac_cv_func_putenv=yes
ac_cv_func_random=yes
ac_cv_func_realpath=yes
ac_cv_func_rename=yes
ac_cv_func_rindex=yes
ac_cv_func_sbrk=yes
ac_cv_func_setenv=yes
ac_cv_func_setproctitle=no
ac_cv_func_setrlimit=yes
ac_cv_func_sigsetmask=yes
ac_cv_func_snprintf=yes
ac_cv_func_spawnve=no
ac_cv_func_spawnvpe=no
ac_cv_func_stpcpy=yes
ac_cv_func_stpncpy=yes
ac_cv_func_strcasecmp=yes
ac_cv_func_strchr=yes
ac_cv_func_strdup=yes
ac_cv_func_strerror=yes
ac_cv_func_strncasecmp=yes
ac_cv_func_strncmp_works=yes
ac_cv_func_strndup=yes
ac_cv_func_strnlen=yes
ac_cv_func_strrchr=yes
ac_cv_func_strsignal=yes
ac_cv_func_strstr=yes
ac_cv_func_strtod=yes
ac_cv_func_strtol=yes
ac_cv_func_strtoll=yes
ac_cv_func_strtoul=yes
ac_cv_func_strtoull=yes
ac_cv_func_strverscmp=yes
ac_cv_func_sysconf=yes
ac_cv_func_sysctl=no
ac_cv_func_sysmp=no
ac_cv_func_table=no
ac_cv_func_times=yes
ac_cv_func_tmpnam=yes
ac_cv_func_vasprintf=yes
ac_cv_func_vfork=yes
ac_cv_func_vfork_works=yes
ac_cv_func_vfprintf=yes
ac_cv_func_vprintf=yes
ac_cv_func_vsnprintf=yes
ac_cv_func_vsprintf=yes
ac_cv_func_wait3=yes
ac_cv_func_wait4=yes
ac_cv_func_waitpid=yes
ac_cv_have_decl_asprintf=yes
ac_cv_have_decl_basename_char_p_=yes
ac_cv_have_decl_calloc=yes
ac_cv_have_decl_ffs=yes
ac_cv_have_decl_getenv=yes
ac_cv_have_decl_getopt=yes
ac_cv_have_decl_malloc=yes
ac_cv_have_decl_realloc=yes
ac_cv_have_decl_sbrk=yes
ac_cv_have_decl_snprintf=yes
ac_cv_have_decl_strnlen=yes
ac_cv_have_decl_strtol=yes
ac_cv_have_decl_strtoll=yes
ac_cv_have_decl_strtoul=yes
ac_cv_have_decl_strtoull=yes
ac_cv_have_decl_strverscmp=yes
ac_cv_have_decl_vasprintf=yes
ac_cv_have_decl_vsnprintf=yes
ac_cv_header_alloca_h=yes
ac_cv_header_fcntl_h=yes
ac_cv_header_inttypes_h=yes
ac_cv_header_limits_h=yes
ac_cv_header_machine_hal_sysinfo_h=no
ac_cv_header_malloc_h=yes
ac_cv_header_memory_h=yes
ac_cv_header_minix_config_h=no
ac_cv_header_process_h=no
ac_cv_header_spawn_h=yes
ac_cv_header_stdc=yes
ac_cv_header_stdint_h=yes
ac_cv_header_stdio_ext_h=yes
ac_cv_header_stdlib_h=yes
ac_cv_header_string_h=yes
ac_cv_header_strings_h=yes
ac_cv_header_sys_file_h=yes
ac_cv_header_sys_mman_h=yes
ac_cv_header_sys_param_h=yes
ac_cv_header_sys_prctl_h=yes
ac_cv_header_sys_pstat_h=no
ac_cv_header_sys_resource_h=yes
ac_cv_header_sys_stat_h=yes
ac_cv_header_sys_sysctl_h=no
ac_cv_header_sys_sysinfo_h=yes
ac_cv_header_sys_sysmp_h=no
ac_cv_header_sys_systemcfg_h=no
ac_cv_header_sys_table_h=no
ac_cv_header_sys_time_h=yes
ac_cv_header_sys_types_h=yes
ac_cv_header_sys_wait_h=yes
ac_cv_header_time=yes
ac_cv_header_time_h=yes
ac_cv_header_unistd_h=yes
ac_cv_header_vfork_h=no
ac_cv_host=x86_64-pc-linux-gnu
ac_cv_objext=o
ac_cv_os_cray=no
ac_cv_path_EGREP='/usr/bin/grep -E'
ac_cv_path_GREP=/usr/bin/grep
ac_cv_prog_AR='ar --plugin /usr/libexec/gcc/x86_64-linux-gnu/13/liblto_plugin.so'
ac_cv_prog_CC=gcc
ac_cv_prog_CPP='gcc -E'
ac_cv_prog_MAKEINFO='makeinfo --split-size=5000000'
ac_cv_prog_PERL=perl
ac_cv_prog_RANLIB='ranlib --plugin /usr/libexec/gcc/x86_64-linux-gnu/13/liblto_plugin.so'
ac_cv_prog_cc_c89=
ac_cv_prog_cc_g=yes
ac_cv_prog_cc_gcc_c_o=yes
ac_cv_safe_to_define___extensions__=yes
ac_cv_search_strerror='none required'
ac_cv_sizeof_int=4
ac_cv_sizeof_long=8
ac_cv_sizeof_long_long=8
ac_cv_sizeof_size_t=8
ac_cv_sys_file_offset_bits=no
ac_cv_sys_largefile_CC=no
ac_cv_target=x86_64-pc-elf
ac_cv_type_intptr_t=yes
ac_cv_type_long_long=yes
ac_cv_type_pid_t=yes
ac_cv_type_ssize_t=yes
ac_cv_type_uintptr_t=yes
acx_cv_prog_cc_pedantic_=yes
acx_cv_prog_cc_warning__W=yes
acx_cv_prog_cc_warning__Wall=yes
acx_cv_prog_cc_warning__Wcpp_compat=yes
acx_cv_prog_cc_warning__Wshadow_local=yes
acx_cv_prog_cc_warning__Wstrict_prototypes=yes
acx_cv_prog_cc_warning__Wwrite_strings=yes
liberty_cv_uint64=uint64_t
libiberty_cv_decl_needed_canonicalize_file_name=no
libiberty_cv_declare_errno=no
libiberty_cv_var_sys_errlist=no
libiberty_cv_var_sys_nerr=no
libiberty_cv_var_sys_siglist=no

## ----------------- ##
## Output variables. ##
## ----------------- ##

AR='ar --plugin /usr/libexec/gcc/x86_64-linux-gnu/13/liblto_plugin.so'
AR_PLUGIN_OPTION='--plugin /usr/libexec/gcc/x86_64-linux-gnu/13/liblto_plugin.so'
BUILD_INFO='info'
CC='gcc'
CET_HOST_FLAGS='-fcf-protection'
CFLAGS='-g -O2    '
CHECK='really-check'
CPP='gcc -E'
CPPFLAGS=''
DEFS='-DHAVE_CONFIG_H'
ECHO_C=''
ECHO_N='-n'
ECHO_T=''
EGREP='/usr/bin/grep -E'
ETAGS='etags'
EXEEXT=''
GREP='/usr/bin/grep'
HAVE_PERL=''
HWCAP_CFLAGS=''
INSTALL_DATA='/usr/bin/install -c -m 644'
INSTALL_DEST='libdir'
INSTALL_PROGRAM='/usr/bin/install -c'
INSTALL_SCRIPT='/usr/bin/install -c'
LDFLAGS=' '
LIBOBJS=' ${LIBOBJDIR}./setproctitle$U.o'
LIBS=''
LTLIBOBJS=' ${LIBOBJDIR}./setproctitle$U.lo'
MAINT='#'
MAKEINFO='makeinfo --split-size=5000000'
NOASANFLAG=''
NOTMAINT=''
NO_MINUS_C_MINUS_O=''
OBJEXT='o'
OUTPUT_OPTION='-o $@'
PACKAGE_BUGREPORT=''
PACKAGE_NAME=''
PACKAGE_STRING=''
PACKAGE_TARNAME=''
PACKAGE_URL=''
PACKAGE_VERSION=''
PATH_SEPARATOR=':'
PERL='perl'
PICFLAG=''
RANLIB='ranlib --plugin /usr/libexec/gcc/x86_64-linux-gnu/13/liblto_plugin.so'
RANLIB_PLUGIN_OPTION='--plugin /usr/libexec/gcc/x86_64-linux-gnu/13/liblto_plugin.so'
SHELL='/bin/bash'
ac_ct_CC=''
ac_libiberty_warn_cflags='-W -Wall -Wwrite-strings -Wc++-compat -Wstrict-prototypes -Wshadow=local -pedantic '
bindir='${exec_prefix}/bin'
build='x86_64-pc-linux-gnu'
build_alias='x86_64-pc-linux-gnu'
build_cpu='x86_64'
build_os='linux-gnu'
build_vendor='pc'
datadir='${datarootdir}'
datarootdir='${prefix}/share'
docdir='${datarootdir}/doc/${PACKAGE}'
dvidir='${docdir}'
exec_prefix='${prefix}'
host='x86_64-pc-linux-gnu'
host_alias='x86_64-pc-linux-gnu'
host_cpu='x86_64'
host_os='linux-gnu'
host_vendor='pc'
htmldir='${docdir}'
includedir='${prefix}/include'
infodir='${datarootdir}/info'
libdir='${exec_prefix}/lib'
libexecdir='${exec_prefix}/libexec'
libiberty_topdir='../../binutils-2.42/libiberty/..'
localedir='${datarootdir}/locale'
localstatedir='${prefix}/var'
mandir='${datarootdir}/man'
oldincludedir='/usr/include'
pdfdir='${docdir}'
pexecute='pex-unix'
prefix='/usr/local/cross'
program_transform_name='s&^&x86_64-elf-&'
psdir='${docdir}'
sbindir='${exec_prefix}/sbin'
sharedstatedir='${prefix}/com'
sysconfdir='${prefix}/etc'
target='x86_64-pc-elf'
target_alias='x86_64-elf'
target_cpu='x86_64'
target_header_dir=''
target_os='elf'
target_vendor='pc'

## ------------------- ##
## File substitutions. ##
## ------------------- ##

host_makefile_frag='xhost-mkfrag'

## ----------- ##
## confdefs.h. ##
## ----------- ##

/* confdefs.h */
#define PACKAGE_NAME ""
#define PACKAGE_TARNAME ""
#define PACKAGE_VERSION ""
#define PACKAGE_STRING ""
#define PACKAGE_BUGREPORT ""
#define PACKAGE_URL ""
#define STDC_HEADERS 1
#define HAVE_SYS_TYPES_H 1
#define HAVE_SYS_STAT_H 1
#define HAVE_STDLIB_H 1
#define HAVE_STRING_H 1
#define HAVE_MEMORY_H 1
#define HAVE_STRINGS_H 1
#define HAVE_INTTYPES_H 1
#define HAVE_STDINT_H 1
#define HAVE_UNISTD_H 1
#define __EXTENSIONS__ 1
#define _ALL_SOURCE 1
#define _GNU_SOURCE 1
#define _POSIX_PTHREAD_SEMANTICS 1
#define _TANDEM_SOURCE 1
#define HAVE_SYS_FILE_H 1
#define HAVE_SYS_PARAM_H 1
#define HAVE_LIMITS_H 1
#define HAVE_STDLIB_H 1
#define HAVE_MALLOC_H 1
#define HAVE_STRING_H 1
#define HAVE_UNISTD_H 1
#define HAVE_STRINGS_H 1
#define HAVE_SYS_TIME_H 1
#define HAVE_TIME_H 1
#define HAVE_SYS_RESOURCE_H 1
#define HAVE_SYS_STAT_H 1
#define HAVE_SYS_MMAN_H 1
#define HAVE_FCNTL_H 1
#define HAVE_ALLOCA_H 1
#define HAVE_SYS_SYSINFO_H 1
#define HAVE_STDINT_H 1
#define HAVE_STDIO_EXT_H 1
#define HAVE_SYS_PRCTL_H 1
#define HAVE_SPAWN_H 1
#define HAVE_SYS_WAIT_H 1
#define TIME_WITH_SYS_TIME 1
#define SIZEOF_INT 4
#define SIZEOF_LONG 8
#define SIZEOF_SIZE_T 8
#define HAVE_LONG_LONG 1
#define SIZEOF_LONG_LONG 8
#define UNSIGNED_64BIT_TYPE uint64_t
#define HAVE_INTPTR_T 1
#define HAVE_UINTPTR_T 1
#define HAVE_UINTPTR_T 1
#define HAVE_ASPRINTF 1
#define HAVE_ATEXIT 1
#define HAVE_BASENAME 1
#define HAVE_BCMP 1
#define HAVE_BCOPY 1
#define HAVE_BSEARCH 1
#define HAVE_BZERO 1
#define HAVE_CALLOC 1
#define HAVE_CLOCK 1
#define HAVE_FFS 1
#define HAVE_GETCWD 1
#define HAVE_GETPAGESIZE 1
#define HAVE_GETTIMEOFDAY 1
#define HAVE_INDEX 1
#define HAVE_INSQUE 1
#define HAVE_MEMCHR 1
#define HAVE_MEMCMP 1
#define HAVE_MEMCPY 1
#define HAVE_MEMMEM 1
#define HAVE_MEMMOVE 1
#define HAVE_MEMPCPY 1
#define HAVE_MEMSET 1
#define HAVE_MKSTEMPS 1
#define HAVE_PUTENV 1
#define HAVE_RANDOM 1
#define HAVE_RENAME 1
#define HAVE_RINDEX 1
#define HAVE_SETENV 1
#define HAVE_SNPRINTF 1
#define HAVE_SIGSETMASK 1
#define HAVE_STPCPY 1
#define HAVE_STPNCPY 1
#define HAVE_STRCASECMP 1
#define HAVE_STRCHR 1
#define HAVE_STRDUP 1
#define HAVE_STRNCASECMP 1
#define HAVE_STRNDUP 1
#define HAVE_STRNLEN 1
#define HAVE_STRRCHR 1
#define HAVE_STRSTR 1
#define HAVE_STRTOD 1
#define HAVE_STRTOL 1
#define HAVE_STRTOUL 1
#define HAVE_STRTOLL 1
#define HAVE_STRTOULL 1
#define HAVE_STRVERSCMP 1
#define HAVE_TMPNAM 1
#define HAVE_VASPRINTF 1
#define HAVE_VFPRINTF 1
#define HAVE_VPRINTF 1
#define HAVE_VSNPRINTF 1
#define HAVE_VSPRINTF 1
#define HAVE_WAITPID 1
#define STACK_DIRECTION 1
#define HAVE_FORK 1
#define HAVE_VFORK 1
#define HAVE_WORKING_VFORK 1
#define HAVE_WORKING_FORK 1
#define HAVE___FSETLOCKING 1
#define HAVE_CANONICALIZE_FILE_NAME 1
#define HAVE_DUP3 1
#define HAVE_GETRLIMIT 1
#define HAVE_GETRUSAGE 1
#define HAVE_GETTIMEOFDAY 1
#define HAVE_ON_EXIT 1
#define HAVE_PIPE2 1
#define HAVE_POSIX_SPAWN 1
#define HAVE_POSIX_SPAWNP 1
#define HAVE_PSIGNAL 1
#define HAVE_REALPATH 1
#define HAVE_SETRLIMIT 1
#define HAVE_STRERROR 1
#define HAVE_STRSIGNAL 1
#define HAVE_SYSCONF 1
#define HAVE_TIMES 1
#define HAVE_WAIT3 1
#define HAVE_WAIT4 1
#define HAVE_SBRK 1
#define HAVE_DECL_BASENAME 1
#define HAVE_DECL_FFS 1
#define HAVE_DECL_ASPRINTF 1
#define HAVE_DECL_VASPRINTF 1
#define HAVE_DECL_SNPRINTF 1
#define HAVE_DECL_VSNPRINTF 1
#define HAVE_DECL_CALLOC 1
#define HAVE_DECL_GETENV 1
#define HAVE_DECL_GETOPT 1
#define HAVE_DECL_MALLOC 1
#define HAVE_DECL_REALLOC 1
#define HAVE_DECL_SBRK 1
#define HAVE_DECL_STRTOL 1
#define HAVE_DECL_STRTOUL 1
#define HAVE_DECL_STRTOLL 1
#define HAVE_DECL_STRTOULL 1
#define HAVE_DECL_STRVERSCMP 1
#define HAVE_DECL_STRNLEN 1
#define HAVE_X86_SHA1_HW_SUPPORT 1
#define HAVE_STDLIB_H 1
#define HAVE_UNISTD_H 1
#define HAVE_SYS_PARAM_H 1
#define HAVE_GETPAGESIZE 1
#define HAVE_MMAP 1

configure: exit 0
