This file contains any messages produced by compilers while
running configure, to aid debugging if configure makes a mistake.

It was created by ld configure 2.42, which was
generated by GNU Autoconf 2.69.  Invocation command line was

  $ /home/joy0812/study/OwnOS/Kernel/binutils-2.42/ld/configure --srcdir=../../binutils-2.42/ld --cache-file=./config.cache --with-gnu-as --with-gnu-ld --prefix=/usr/local/cross --with-sysroot --disable-nls --disable-werror --program-transform-name=s&^&x86_64-elf-& --disable-option-checking --build=x86_64-pc-linux-gnu --host=x86_64-pc-linux-gnu --target=x86_64-elf

## --------- ##
## Platform. ##
## --------- ##

hostname = joy0812-ASUS-TUF-Gaming-A14-FA401KM-FA401KM
uname -m = x86_64
uname -r = 6.14.0-33-generic
uname -s = Linux
uname -v = #33~24.04.1-Ubuntu SMP PREEMPT_DYNAMIC Fri Sep 19 17:02:30 UTC 2

/usr/bin/uname -p = x86_64
/bin/uname -X     = unknown

/bin/arch              = x86_64
/usr/bin/arch -k       = unknown
/usr/convex/getsysinfo = unknown
/usr/bin/hostinfo      = unknown
/bin/machine           = unknown
/usr/bin/oslevel       = unknown
/bin/universe          = unknown

PATH: /usr/local/sbin
PATH: /usr/local/bin
PATH: /usr/sbin
PATH: /usr/bin
PATH: /sbin
PATH: /bin
PATH: /usr/games
PATH: /usr/local/games
PATH: /snap/bin


## ----------- ##
## Core tests. ##
## ----------- ##

configure:2672: loading cache ./config.cache
configure:2795: checking build system type
configure:2809: result: x86_64-pc-linux-gnu
configure:2829: checking host system type
configure:2842: result: x86_64-pc-linux-gnu
configure:2862: checking target system type
configure:2875: result: x86_64-pc-elf
configure:2919: checking for a BSD-compatible install
configure:2987: result: /usr/bin/install -c
configure:2998: checking whether build environment is sane
configure:3053: result: yes
configure:3204: checking for a thread-safe mkdir -p
configure:3243: result: /usr/bin/mkdir -p
configure:3250: checking for gawk
configure:3277: result: mawk
configure:3288: checking whether make sets $(MAKE)
configure:3310: result: yes
configure:3339: checking whether make supports nested variables
configure:3356: result: yes
configure:3493: checking whether make supports nested variables
configure:3510: result: yes
configure:3522: checking whether to enable maintainer-specific portions of Makefiles
configure:3531: result: no
configure:3553: checking for x86_64-pc-linux-gnu-gcc
configure:3580: result: gcc
configure:3849: checking for C compiler version
configure:3858: gcc --version >&5
gcc (Ubuntu 13.3.0-6ubuntu2~24.04) 13.3.0
Copyright (C) 2023 Free Software Foundation, Inc.
This is free software; see the source for copying conditions.  There is NO
warranty; not even for MERCHANTABILITY or FITNESS FOR A PARTICULAR PURPOSE.

configure:3869: $? = 0
configure:3858: gcc -v >&5
Using built-in specs.
COLLECT_GCC=gcc
COLLECT_LTO_WRAPPER=/usr/libexec/gcc/x86_64-linux-gnu/13/lto-wrapper
OFFLOAD_TARGET_NAMES=nvptx-none:amdgcn-amdhsa
OFFLOAD_TARGET_DEFAULT=1
Target: x86_64-linux-gnu
Configured with: ../src/configure -v --with-pkgversion='Ubuntu 13.3.0-6ubuntu2~24.04' --with-bugurl=file:///usr/share/doc/gcc-13/README.Bugs --enable-languages=c,ada,c++,go,d,fortran,objc,obj-c++,m2 --prefix=/usr --with-gcc-major-version-only --program-suffix=-13 --program-prefix=x86_64-linux-gnu- --enable-shared --enable-linker-build-id --libexecdir=/usr/libexec --without-included-gettext --enable-threads=posix --libdir=/usr/lib --enable-nls --enable-bootstrap --enable-clocale=gnu --enable-libstdcxx-debug --enable-libstdcxx-time=yes --with-default-libstdcxx-abi=new --enable-libstdcxx-backtrace --enable-gnu-unique-object --disable-vtable-verify --enable-plugin --enable-default-pie --with-system-zlib --enable-libphobos-checking=release --with-target-system-zlib=auto --enable-objc-gc=auto --enable-multiarch --disable-werror --enable-cet --with-arch-32=i686 --with-abi=m64 --with-multilib-list=m32,m64,mx32 --enable-multilib --with-tune=generic --enable-offload-targets=nvptx-none=/build/gcc-13-fG75Ri/gcc-13-13.3.0/debian/tmp-nvptx/usr,amdgcn-amdhsa=/build/gcc-13-fG75Ri/gcc-13-13.3.0/debian/tmp-gcn/usr --enable-offload-defaulted --without-cuda-driver --enable-checking=release --build=x86_64-linux-gnu --host=x86_64-linux-gnu --target=x86_64-linux-gnu --with-build-config=bootstrap-lto-lean --enable-link-serialization=2
Thread model: posix
Supported LTO compression algorithms: zlib zstd
gcc version 13.3.0 (Ubuntu 13.3.0-6ubuntu2~24.04) 
... rest of stderr output deleted ...
configure:3869: $? = 0
configure:3858: gcc -V >&5
gcc: error: unrecognized command-line option '-V'
gcc: fatal error: no input files
compilation terminated.
configure:3869: $? = 1
configure:3858: gcc -qversion >&5
gcc: error: unrecognized command-line option '-qversion'; did you mean '--version'?
gcc: fatal error: no input files
compilation terminated.
configure:3869: $? = 1
configure:3889: checking whether the C compiler works
configure:3911: gcc -g -O2        conftest.c  >&5
configure:3915: $? = 0
configure:3963: result: yes
configure:3966: checking for C compiler default output file name
configure:3968: result: a.out
configure:3974: checking for suffix of executables
configure:3981: gcc -o conftest -g -O2        conftest.c  >&5
configure:3985: $? = 0
configure:4007: result: 
configure:4029: checking whether we are cross compiling
configure:4037: gcc -o conftest -g -O2        conftest.c  >&5
configure:4041: $? = 0
configure:4048: ./conftest
configure:4052: $? = 0
configure:4067: result: no
configure:4072: checking for suffix of object files
configure:4119: result: o
configure:4123: checking whether we are using the GNU C compiler
configure:4151: result: yes
configure:4160: checking whether gcc accepts -g
configure:4221: result: yes
configure:4238: checking for gcc option to accept ISO C89
configure:4314: result: none needed
configure:4339: checking whether gcc understands -c and -o together
configure:4376: result: yes
configure:4404: checking for style of include used by make
configure:4432: result: GNU
configure:4458: checking dependency style of gcc
configure:4569: result: gcc3
configure:4696: checking for C++ compiler version
configure:4705: g++ --version >&5
g++ (Ubuntu 13.3.0-6ubuntu2~24.04) 13.3.0
Copyright (C) 2023 Free Software Foundation, Inc.
This is free software; see the source for copying conditions.  There is NO
warranty; not even for MERCHANTABILITY or FITNESS FOR A PARTICULAR PURPOSE.

configure:4716: $? = 0
configure:4705: g++ -v >&5
Using built-in specs.
COLLECT_GCC=g++
COLLECT_LTO_WRAPPER=/usr/libexec/gcc/x86_64-linux-gnu/13/lto-wrapper
OFFLOAD_TARGET_NAMES=nvptx-none:amdgcn-amdhsa
OFFLOAD_TARGET_DEFAULT=1
Target: x86_64-linux-gnu
Configured with: ../src/configure -v --with-pkgversion='Ubuntu 13.3.0-6ubuntu2~24.04' --with-bugurl=file:///usr/share/doc/gcc-13/README.Bugs --enable-languages=c,ada,c++,go,d,fortran,objc,obj-c++,m2 --prefix=/usr --with-gcc-major-version-only --program-suffix=-13 --program-prefix=x86_64-linux-gnu- --enable-shared --enable-linker-build-id --libexecdir=/usr/libexec --without-included-gettext --enable-threads=posix --libdir=/usr/lib --enable-nls --enable-bootstrap --enable-clocale=gnu --enable-libstdcxx-debug --enable-libstdcxx-time=yes --with-default-libstdcxx-abi=new --enable-libstdcxx-backtrace --enable-gnu-unique-object --disable-vtable-verify --enable-plugin --enable-default-pie --with-system-zlib --enable-libphobos-checking=release --with-target-system-zlib=auto --enable-objc-gc=auto --enable-multiarch --disable-werror --enable-cet --with-arch-32=i686 --with-abi=m64 --with-multilib-list=m32,m64,mx32 --enable-multilib --with-tune=generic --enable-offload-targets=nvptx-none=/build/gcc-13-fG75Ri/gcc-13-13.3.0/debian/tmp-nvptx/usr,amdgcn-amdhsa=/build/gcc-13-fG75Ri/gcc-13-13.3.0/debian/tmp-gcn/usr --enable-offload-defaulted --without-cuda-driver --enable-checking=release --build=x86_64-linux-gnu --host=x86_64-linux-gnu --target=x86_64-linux-gnu --with-build-config=bootstrap-lto-lean --enable-link-serialization=2
Thread model: posix
Supported LTO compression algorithms: zlib zstd
gcc version 13.3.0 (Ubuntu 13.3.0-6ubuntu2~24.04) 
... rest of stderr output deleted ...
configure:4716: $? = 0
configure:4705: g++ -V >&5
g++: error: unrecognized command-line option '-V'
g++: fatal error: no input files
compilation terminated.
configure:4716: $? = 1
configure:4705: g++ -qversion >&5
g++: error: unrecognized command-line option '-qversion'; did you mean '--version'?
g++: fatal error: no input files
compilation terminated.
configure:4716: $? = 1
configure:4720: checking whether we are using the GNU C++ compiler
configure:4748: result: yes
configure:4757: checking whether g++ accepts -g
configure:4818: result: yes
configure:4843: checking dependency style of g++
configure:4954: result: gcc3
configure:4969: checking for grep that handles long lines and -e
configure:5027: result: /usr/bin/grep
configure:5038: checking how to run the C preprocessor
configure:5108: result: gcc -E
configure:5128: gcc -E  conftest.c
configure:5128: $? = 0
configure:5142: gcc -E  conftest.c
conftest.c:11:10: fatal error: ac_nonexistent.h: No such file or directory
   11 | #include <ac_nonexistent.h>
      |          ^~~~~~~~~~~~~~~~~~
compilation terminated.
configure:5142: $? = 1
configure: failed program was:
| /* confdefs.h */
| #define PACKAGE_NAME "ld"
| #define PACKAGE_TARNAME "ld"
| #define PACKAGE_VERSION "2.42"
| #define PACKAGE_STRING "ld 2.42"
| #define PACKAGE_BUGREPORT ""
| #define PACKAGE_URL ""
| #define PACKAGE "ld"
| #define VERSION "2.42"
| /* end confdefs.h.  */
| #include <ac_nonexistent.h>
configure:5171: checking for egrep
configure:5233: result: /usr/bin/grep -E
configure:5238: checking for ANSI C header files
configure:5342: result: yes
configure:5355: checking for sys/types.h
configure:5355: result: yes
configure:5355: checking for sys/stat.h
configure:5355: result: yes
configure:5355: checking for stdlib.h
configure:5355: result: yes
configure:5355: checking for string.h
configure:5355: result: yes
configure:5355: checking for memory.h
configure:5355: result: yes
configure:5355: checking for strings.h
configure:5355: result: yes
configure:5355: checking for inttypes.h
configure:5355: result: yes
configure:5355: checking for stdint.h
configure:5355: result: yes
configure:5355: checking for unistd.h
configure:5355: result: yes
configure:5368: checking for minix/config.h
configure:5368: result: no
configure:5389: checking whether it is safe to define __EXTENSIONS__
configure:5414: result: yes
configure:5442: checking for x86_64-pc-linux-gnu-pkg-config
configure:5475: result: no
configure:5485: checking for pkg-config
configure:5515: result: /usr/bin/pkg-config
configure:5540: checking pkg-config is at least version 0.9.0
configure:5543: result: yes
configure:5598: checking how to print strings
configure:5625: result: printf
configure:5646: checking for a sed that does not truncate output
configure:5710: result: /usr/bin/sed
configure:5728: checking for fgrep
configure:5790: result: /usr/bin/grep -F
configure:5825: checking for ld used by gcc
configure:5892: result: ld
configure:5899: checking if the linker (ld) is GNU ld
configure:5914: result: yes
configure:5926: checking for BSD- or MS-compatible name lister (nm)
configure:5982: result: /usr/bin/nm -B
configure:6112: checking the name lister (/usr/bin/nm -B) interface
configure:6132: result: BSD nm
configure:6135: checking whether ln -s works
configure:6139: result: yes
configure:6147: checking the maximum length of command line arguments
configure:6272: result: 1572864
configure:6289: checking whether the shell understands some XSI constructs
configure:6299: result: yes
configure:6303: checking whether the shell understands "+="
configure:6309: result: yes
configure:6344: checking for ld option to reload object files
configure:6351: result: -r
configure:6380: checking for x86_64-pc-linux-gnu-objdump
configure:6407: result: objdump
configure:6479: checking how to recognize dependent libraries
configure:6685: result: pass_all
configure:6718: checking for x86_64-pc-linux-gnu-ar
configure:6745: result: ar --plugin /usr/libexec/gcc/x86_64-linux-gnu/13/liblto_plugin.so
configure:6836: checking for x86_64-pc-linux-gnu-strip
configure:6866: result: no
configure:6876: checking for strip
configure:6903: result: strip
configure:6935: checking for x86_64-pc-linux-gnu-ranlib
configure:6962: result: ranlib --plugin /usr/libexec/gcc/x86_64-linux-gnu/13/liblto_plugin.so
configure:7109: checking command to parse /usr/bin/nm -B output from gcc object
configure:7332: result: ok
configure:7427: gcc -c -g -O2      conftest.c >&5
configure:7430: $? = 0
configure:8182: checking for dlfcn.h
configure:8182: result: yes
configure:8370: checking for objdir
configure:8385: result: .libs
configure:8656: checking if gcc supports -fno-rtti -fno-exceptions
configure:8691: result: no
configure:8711: checking for gcc option to produce PIC
configure:8997: result: -fPIC -DPIC
configure:9009: checking if gcc PIC flag -fPIC -DPIC works
configure:9044: result: yes
configure:9068: checking if gcc static flag -static works
configure:9096: result: yes
configure:9111: checking if gcc supports -c -o file.o
configure:9158: result: yes
configure:9166: checking if gcc supports -c -o file.o
configure:9213: result: yes
configure:9246: checking whether the gcc linker (ld -m elf_x86_64) supports shared libraries
configure:10317: result: yes
configure:10354: checking whether -lc should be explicitly linked in
configure:10397: result: no
configure:10562: checking dynamic linker characteristics
configure:11249: result: GNU/Linux ld.so
configure:11356: checking how to hardcode library paths into programs
configure:11381: result: immediate
configure:11921: checking whether stripping libraries is possible
configure:11926: result: yes
configure:11961: checking if libtool supports shared libraries
configure:11963: result: yes
configure:11966: checking whether to build shared libraries
configure:11987: result: yes
configure:11990: checking whether to build static libraries
configure:11994: result: yes
configure:12017: checking how to run the C++ preprocessor
configure:12083: result: g++ -E
configure:12103: g++ -E  conftest.cpp
configure:12103: $? = 0
configure:12117: g++ -E  conftest.cpp
conftest.cpp:28:10: fatal error: ac_nonexistent.h: No such file or directory
   28 | #include <ac_nonexistent.h>
      |          ^~~~~~~~~~~~~~~~~~
compilation terminated.
configure:12117: $? = 1
configure: failed program was:
| /* confdefs.h */
| #define PACKAGE_NAME "ld"
| #define PACKAGE_TARNAME "ld"
| #define PACKAGE_VERSION "2.42"
| #define PACKAGE_STRING "ld 2.42"
| #define PACKAGE_BUGREPORT ""
| #define PACKAGE_URL ""
| #define PACKAGE "ld"
| #define VERSION "2.42"
| #define STDC_HEADERS 1
| #define HAVE_SYS_TYPES_H 1
| #define HAVE_SYS_STAT_H 1
| #define HAVE_STDLIB_H 1
| #define HAVE_STRING_H 1
| #define HAVE_MEMORY_H 1
| #define HAVE_STRINGS_H 1
| #define HAVE_INTTYPES_H 1
| #define HAVE_STDINT_H 1
| #define HAVE_UNISTD_H 1
| #define __EXTENSIONS__ 1
| #define _ALL_SOURCE 1
| #define _GNU_SOURCE 1
| #define _POSIX_PTHREAD_SEMANTICS 1
| #define _TANDEM_SOURCE 1
| #define HAVE_DLFCN_H 1
| #define LT_OBJDIR ".libs/"
| /* end confdefs.h.  */
| #include <ac_nonexistent.h>
configure:12285: checking for ld used by g++
configure:12352: result: ld -m elf_x86_64
configure:12359: checking if the linker (ld -m elf_x86_64) is GNU ld
configure:12374: result: yes
configure:12429: checking whether the g++ linker (ld -m elf_x86_64) supports shared libraries
configure:13362: result: yes
configure:13390: g++ -c -g -O2      conftest.cpp >&5
configure:13393: $? = 0
configure:13575: checking for g++ option to produce PIC
configure:13898: result: -fPIC -DPIC
configure:13907: checking if g++ PIC flag -fPIC -DPIC works
configure:13942: result: yes
configure:13963: checking if g++ static flag -static works
configure:13991: result: yes
configure:14003: checking if g++ supports -c -o file.o
configure:14050: result: yes
configure:14055: checking if g++ supports -c -o file.o
configure:14102: result: yes
configure:14132: checking whether the g++ linker (ld -m elf_x86_64) supports shared libraries
configure:14160: result: yes
configure:14303: checking dynamic linker characteristics
configure:14924: result: GNU/Linux ld.so
configure:14977: checking how to hardcode library paths into programs
configure:15002: result: immediate
configure:15073: checking for dlfcn.h
configure:15073: result: yes
configure:15086: checking for windows.h
configure:15086: result: no
configure:15113: checking for library containing dlsym
configure:15161: result: none required
configure:15233: checking for special C compiler options needed for large files
configure:15278: result: no
configure:15284: checking for _FILE_OFFSET_BITS value needed for large files
configure:15341: result: no
configure:15480: checking size of void *
configure:15499: result: 8
configure:16122: checking for LC_MESSAGES
configure:16146: result: yes
configure:16185: checking whether NLS is requested
configure:16194: result: no
configure:16232: checking for msgfmt
configure:16266: result: no
configure:16272: checking for gmsgfmt
configure:16303: result: :
configure:16343: checking for xgettext
configure:16377: result: no
configure:16414: checking for msgmerge
configure:16447: result: no
configure:16519: checking for ld used by GCC
configure:16582: result: ld -m elf_x86_64
configure:16589: checking if the linker (ld -m elf_x86_64) is GNU ld
configure:16601: result: yes
configure:16607: checking for shared library run path origin
configure:16620: result: done
configure:17067: checking for CFPreferencesCopyAppValue
configure:17094: result: no
configure:17101: checking for CFLocaleCopyPreferredLanguages
configure:17128: result: no
configure:18008: checking whether to use NLS
configure:18010: result: no
configure:18093: checking whether NLS is requested
configure:18096: result: no
configure:18184: checking for msgfmt
configure:18218: result: no
configure:18224: checking for gmsgfmt
configure:18255: result: :
configure:18295: checking for xgettext
configure:18329: result: no
configure:18366: checking for msgmerge
configure:18399: result: no
configure:18438: checking for bison
configure:18465: result: bison -y
configure:18481: checking for flex
configure:18508: result: flex
configure:18547: flex conftest.l
configure:18551: $? = 0
configure:18553: checking lex output file root
configure:18567: result: lex.yy
configure:18572: checking lex library
configure:18596: result: -lfl
configure:18602: checking whether yytext is a pointer
configure:18627: result: yes
configure:18642: checking whether to enable maintainer-specific portions of Makefiles
configure:18651: result: no
configure:18672: checking how to compare bootstrapped objects
configure:18697: result: cmp --ignore-initial=16 $$f1 $$f2
configure:18719: checking for fcntl.h
configure:18719: result: yes
configure:18719: checking for elf-hints.h
configure:18719: result: no
configure:18719: checking for limits.h
configure:18719: result: yes
configure:18719: checking for inttypes.h
configure:18719: result: yes
configure:18719: checking for stdint.h
configure:18719: result: yes
configure:18719: checking for sys/file.h
configure:18719: result: yes
configure:18719: checking for sys/mman.h
configure:18719: result: yes
configure:18719: checking for sys/param.h
configure:18719: result: yes
configure:18719: checking for sys/stat.h
configure:18719: result: yes
configure:18719: checking for sys/time.h
configure:18719: result: yes
configure:18719: checking for sys/types.h
configure:18719: result: yes
configure:18719: checking for unistd.h
configure:18719: result: yes
configure:18732: checking for close
configure:18732: result: yes
configure:18732: checking for glob
configure:18732: result: yes
configure:18732: checking for lseek
configure:18732: result: yes
configure:18732: checking for mkstemp
configure:18732: result: yes
configure:18732: checking for open
configure:18732: result: yes
configure:18732: checking for realpath
configure:18732: result: yes
configure:18732: checking for waitpid
configure:18732: result: yes
configure:18750: checking whether asprintf is declared
configure:18750: result: yes
configure:18760: checking whether environ is declared
configure:18760: result: yes
configure:18770: checking whether stpcpy is declared
configure:18770: result: yes
configure:18788: checking for stdlib.h
configure:18788: result: yes
configure:18788: checking for unistd.h
configure:18788: result: yes
configure:18788: checking for sys/param.h
configure:18788: result: yes
configure:18808: checking for getpagesize
configure:18808: result: yes
configure:18817: checking for working mmap
configure:18974: result: yes
configure:18984: checking for library containing dlopen
configure:19032: result: none required
configure:19041: checking for a known getopt prototype in unistd.h
configure:19065: result: yes
configure:19105: checking for libzstd >= 1.4.0
configure:19112: $PKG_CONFIG --exists --print-errors "libzstd >= 1.4.0"
Package libzstd was not found in the pkg-config search path.
Perhaps you should add the directory containing `libzstd.pc'
to the PKG_CONFIG_PATH environment variable
Package 'libzstd', required by 'virtual:world', not found
configure:19115: $? = 1
configure:19129: $PKG_CONFIG --exists --print-errors "libzstd >= 1.4.0"
Package libzstd was not found in the pkg-config search path.
Perhaps you should add the directory containing `libzstd.pc'
to the PKG_CONFIG_PATH environment variable
Package 'libzstd', required by 'virtual:world', not found
configure:19132: $? = 1
configure:19170: result: no
Package 'libzstd', required by 'virtual:world', not found
configure:19621: checking that generated files are newer than configure
configure:19627: result: done
configure:19674: creating ./config.status

## ---------------------- ##
## Running config.status. ##
## ---------------------- ##

This file was extended by ld config.status 2.42, which was
generated by GNU Autoconf 2.69.  Invocation command line was

  CONFIG_FILES    = 
  CONFIG_HEADERS  = 
  CONFIG_LINKS    = 
  CONFIG_COMMANDS = 
  $ ./config.status 

on joy0812-ASUS-TUF-Gaming-A14-FA401KM-FA401KM

config.status:1282: creating Makefile
config.status:1282: creating po/Makefile.in
config.status:1282: creating config.h
config.status:1448: config.h is unchanged
config.status:1496: executing depfiles commands
config.status:1496: executing libtool commands
config.status:1496: executing default-1 commands
config.status:1496: executing default-2 commands
config.status:1496: executing default commands

## ---------------- ##
## Cache variables. ##
## ---------------- ##

ac_cv_build=x86_64-pc-linux-gnu
ac_cv_c_compiler_gnu=yes
ac_cv_cxx_compiler_gnu=yes
ac_cv_env_CCC_set=
ac_cv_env_CCC_value=
ac_cv_env_CC_set=set
ac_cv_env_CC_value=gcc
ac_cv_env_CFLAGS_set=set
ac_cv_env_CFLAGS_value='-g -O2    '
ac_cv_env_CPPFLAGS_set=
ac_cv_env_CPPFLAGS_value=
ac_cv_env_CPP_set=
ac_cv_env_CPP_value=
ac_cv_env_CXXCPP_set=
ac_cv_env_CXXCPP_value=
ac_cv_env_CXXFLAGS_set=set
ac_cv_env_CXXFLAGS_value='-g -O2    '
ac_cv_env_CXX_set=set
ac_cv_env_CXX_value=g++
ac_cv_env_JANSSON_CFLAGS_set=
ac_cv_env_JANSSON_CFLAGS_value=
ac_cv_env_JANSSON_LIBS_set=
ac_cv_env_JANSSON_LIBS_value=
ac_cv_env_LDFLAGS_set=set
ac_cv_env_LDFLAGS_value=' '
ac_cv_env_LIBS_set=
ac_cv_env_LIBS_value=
ac_cv_env_PKG_CONFIG_LIBDIR_set=
ac_cv_env_PKG_CONFIG_LIBDIR_value=
ac_cv_env_PKG_CONFIG_PATH_set=set
ac_cv_env_PKG_CONFIG_PATH_value=
ac_cv_env_PKG_CONFIG_set=
ac_cv_env_PKG_CONFIG_value=
ac_cv_env_YACC_set=set
ac_cv_env_YACC_value='bison -y'
ac_cv_env_YFLAGS_set=
ac_cv_env_YFLAGS_value=
ac_cv_env_ZSTD_CFLAGS_set=
ac_cv_env_ZSTD_CFLAGS_value=
ac_cv_env_ZSTD_LIBS_set=
ac_cv_env_ZSTD_LIBS_value=
ac_cv_env_build_alias_set=set
ac_cv_env_build_alias_value=x86_64-pc-linux-gnu
ac_cv_env_host_alias_set=set
ac_cv_env_host_alias_value=x86_64-pc-linux-gnu
ac_cv_env_target_alias_set=set
ac_cv_env_target_alias_value=x86_64-elf
ac_cv_func_close=yes
ac_cv_func_getpagesize=yes
ac_cv_func_glob=yes
ac_cv_func_lseek=yes
ac_cv_func_mkstemp=yes
ac_cv_func_mmap_fixed_mapped=yes
ac_cv_func_open=yes
ac_cv_func_realpath=yes
ac_cv_func_waitpid=yes
ac_cv_have_decl_asprintf=yes
ac_cv_have_decl_environ=yes
ac_cv_have_decl_stpcpy=yes
ac_cv_header_dlfcn_h=yes
ac_cv_header_elf_hints_h=no
ac_cv_header_fcntl_h=yes
ac_cv_header_inttypes_h=yes
ac_cv_header_limits_h=yes
ac_cv_header_memory_h=yes
ac_cv_header_minix_config_h=no
ac_cv_header_stdc=yes
ac_cv_header_stdint_h=yes
ac_cv_header_stdlib_h=yes
ac_cv_header_string_h=yes
ac_cv_header_strings_h=yes
ac_cv_header_sys_file_h=yes
ac_cv_header_sys_mman_h=yes
ac_cv_header_sys_param_h=yes
ac_cv_header_sys_stat_h=yes
ac_cv_header_sys_time_h=yes
ac_cv_header_sys_types_h=yes
ac_cv_header_unistd_h=yes
ac_cv_header_windows_h=no
ac_cv_host=x86_64-pc-linux-gnu
ac_cv_lib_lex=-lfl
ac_cv_objext=o
ac_cv_path_EGREP='/usr/bin/grep -E'
ac_cv_path_FGREP='/usr/bin/grep -F'
ac_cv_path_GMSGFMT=:
ac_cv_path_GREP=/usr/bin/grep
ac_cv_path_MSGFMT=:
ac_cv_path_MSGMERGE=:
ac_cv_path_SED=/usr/bin/sed
ac_cv_path_XGETTEXT=:
ac_cv_path_ac_pt_PKG_CONFIG=/usr/bin/pkg-config
ac_cv_path_mkdir=/usr/bin/mkdir
ac_cv_prog_AR='ar --plugin /usr/libexec/gcc/x86_64-linux-gnu/13/liblto_plugin.so'
ac_cv_prog_AWK=mawk
ac_cv_prog_CC=gcc
ac_cv_prog_CPP='gcc -E'
ac_cv_prog_CXXCPP='g++ -E'
ac_cv_prog_LEX=flex
ac_cv_prog_OBJDUMP=objdump
ac_cv_prog_RANLIB='ranlib --plugin /usr/libexec/gcc/x86_64-linux-gnu/13/liblto_plugin.so'
ac_cv_prog_YACC='bison -y'
ac_cv_prog_ac_ct_STRIP=strip
ac_cv_prog_cc_c89=
ac_cv_prog_cc_g=yes
ac_cv_prog_cxx_g=yes
ac_cv_prog_lex_root=lex.yy
ac_cv_prog_lex_yytext_pointer=yes
ac_cv_prog_make_make_set=yes
ac_cv_safe_to_define___extensions__=yes
ac_cv_search_dlopen='none required'
ac_cv_search_dlsym='none required'
ac_cv_sizeof_void_p=8
ac_cv_sys_file_offset_bits=no
ac_cv_sys_largefile_CC=no
ac_cv_target=x86_64-pc-elf
acl_cv_hardcode_direct=no
acl_cv_hardcode_libdir_flag_spec='${wl}-rpath ${wl}$libdir'
acl_cv_hardcode_libdir_separator=
acl_cv_hardcode_minus_L=no
acl_cv_libext=a
acl_cv_path_LD='ld -m elf_x86_64'
acl_cv_prog_gnu_ld=yes
acl_cv_rpath=done
acl_cv_shlibext=so
acl_cv_wl=-Wl,
am_cv_CC_dependencies_compiler_type=gcc3
am_cv_CXX_dependencies_compiler_type=gcc3
am_cv_make_support_nested_variables=yes
am_cv_prog_cc_c_o=yes
am_cv_val_LC_MESSAGES=yes
gcc_cv_prog_cmp_skip='cmp --ignore-initial=16 $$f1 $$f2'
gt_cv_func_CFLocaleCopyPreferredLanguages=no
gt_cv_func_CFPreferencesCopyAppValue=no
ld_cv_decl_getopt_unistd_h=yes
lt_cv_archive_cmds_need_lc=no
lt_cv_deplibs_check_method=pass_all
lt_cv_file_magic_cmd='$MAGIC_CMD'
lt_cv_file_magic_test_file=
lt_cv_ld_reload_flag=-r
lt_cv_nm_interface='BSD nm'
lt_cv_objdir=.libs
lt_cv_path_LD=ld
lt_cv_path_LDCXX='ld -m elf_x86_64'
lt_cv_path_NM='/usr/bin/nm -B'
lt_cv_prog_compiler_c_o=yes
lt_cv_prog_compiler_c_o_CXX=yes
lt_cv_prog_compiler_pic_works=yes
lt_cv_prog_compiler_pic_works_CXX=yes
lt_cv_prog_compiler_rtti_exceptions=no
lt_cv_prog_compiler_static_works=yes
lt_cv_prog_compiler_static_works_CXX=yes
lt_cv_prog_gnu_ld=yes
lt_cv_prog_gnu_ldcxx=yes
lt_cv_shlibpath_overrides_runpath=yes
lt_cv_sys_global_symbol_pipe='sed -n -e '\''s/^.*[	 ]\([ABCDGIRSTW][ABCDGIRSTW]*\)[	 ][	 ]*\([_A-Za-z][_A-Za-z0-9]*\)$/\1 \2 \2/p'\'''
lt_cv_sys_global_symbol_to_c_name_address='sed -n -e '\''s/^: \([^ ]*\) $/  {\"\1\", (void *) 0},/p'\'' -e '\''s/^[ABCDGIRSTW]* \([^ ]*\) \([^ ]*\)$/  {"\2", (void *) \&\2},/p'\'''
lt_cv_sys_global_symbol_to_c_name_address_lib_prefix='sed -n -e '\''s/^: \([^ ]*\) $/  {\"\1\", (void *) 0},/p'\'' -e '\''s/^[ABCDGIRSTW]* \([^ ]*\) \(lib[^ ]*\)$/  {"\2", (void *) \&\2},/p'\'' -e '\''s/^[ABCDGIRSTW]* \([^ ]*\) \([^ ]*\)$/  {"lib\2", (void *) \&\2},/p'\'''
lt_cv_sys_global_symbol_to_cdecl='sed -n -e '\''s/^T .* \(.*\)$/extern int \1();/p'\'' -e '\''s/^[ABCDGIRSTW]* .* \(.*\)$/extern char \1;/p'\'''
lt_cv_sys_max_cmd_len=1572864

## ----------------- ##
## Output variables. ##
## ----------------- ##

ACLOCAL='${SHELL} /home/joy0812/study/OwnOS/Kernel/binutils-2.42/missing aclocal-1.15'
AMDEPBACKSLASH='\'
AMDEP_FALSE='#'
AMDEP_TRUE=''
AMTAR='$${TAR-tar}'
AM_BACKSLASH='\'
AM_DEFAULT_V='$(AM_DEFAULT_VERBOSITY)'
AM_DEFAULT_VERBOSITY='0'
AM_V='$(V)'
AR='ar --plugin /usr/libexec/gcc/x86_64-linux-gnu/13/liblto_plugin.so --plugin /usr/libexec/gcc/x86_64-linux-gnu/13/liblto_plugin.so'
AUTOCONF='${SHELL} /home/joy0812/study/OwnOS/Kernel/binutils-2.42/missing autoconf'
AUTOHEADER='${SHELL} /home/joy0812/study/OwnOS/Kernel/binutils-2.42/missing autoheader'
AUTOMAKE='${SHELL} /home/joy0812/study/OwnOS/Kernel/binutils-2.42/missing automake-1.15'
AWK='mawk'
CATALOGS=''
CATOBJEXT=''
CC='gcc'
CCDEPMODE='depmode=gcc3'
CFLAGS='-g -O2    '
CPP='gcc -E'
CPPFLAGS=''
CXX='g++'
CXXCPP='g++ -E'
CXXDEPMODE='depmode=gcc3'
CXXFLAGS='-g -O2    '
CYGPATH_W='echo'
DATADIRNAME=''
DEFS='-DHAVE_CONFIG_H'
DEPDIR='.deps'
DSYMUTIL='dsymutil'
DUMPBIN=''
ECHO_C=''
ECHO_N='-n'
ECHO_T=''
EGREP='/usr/bin/grep -E'
EMUL='elf_x86_64'
EMULATION_LIBPATH='elf_x86_64 elf_i386 elf_iamcu elf32_x86_64'
EMULATION_OFILES=' eelf_x86_64.o eelf_i386.o eelf_iamcu.o eelf32_x86_64.o'
EMUL_EXTRA_OFILES=' ldelf.o ldelfgen.o'
ENABLE_BFD_64_BIT_FALSE='#'
ENABLE_BFD_64_BIT_TRUE=''
ENABLE_LIBCTF_FALSE='#'
ENABLE_LIBCTF_TRUE=''
EXEEXT=''
FGREP='/usr/bin/grep -F'
GENCAT=''
GENINSRC_NEVER_FALSE=''
GENINSRC_NEVER_TRUE='#'
GMSGFMT=':'
GREP='/usr/bin/grep'
HDEFINES=''
INCINTL=''
INSTALL_DATA='/usr/bin/install -c -m 644'
INSTALL_PROGRAM='/usr/bin/install -c'
INSTALL_SCRIPT='/usr/bin/install -c'
INSTALL_STRIP_PROGRAM='$(install_sh) -c -s'
INSTOBJEXT=''
INTLLIBS=''
INTL_MACOSX_LIBS=''
JANSSON_CFLAGS=''
JANSSON_LIBS=''
LARGEFILE_CPPFLAGS=''
LD='ld -m elf_x86_64'
LDFLAGS=' '
LEX='flex'
LEXLIB='-lfl'
LEX_OUTPUT_ROOT='lex.yy'
LIBICONV='-liconv'
LIBINTL=''
LIBINTL_DEP=''
LIBOBJS=''
LIBS=''
LIBTOOL='$(SHELL) $(top_builddir)/libtool'
LIB_PATH=''
LIPO=''
LN_S='ln -s'
LTLIBICONV='-liconv'
LTLIBINTL=''
LTLIBOBJS=''
MAINT='#'
MAINTAINER_MODE_FALSE=''
MAINTAINER_MODE_TRUE='#'
MAKEINFO='makeinfo --split-size=5000000'
MKDIR_P='/usr/bin/mkdir -p'
MKINSTALLDIRS='$(top_builddir)/../../binutils-2.42/ld/../mkinstalldirs'
MSGFMT=':'
MSGMERGE=':'
NATIVE_LIB_DIRS='/usr/local/lib /lib /usr/lib'
NM='/usr/bin/nm -B'
NMEDIT=''
NO_WERROR=''
OBJDUMP='objdump'
OBJEXT='o'
OTOOL64=''
OTOOL='otool'
PACKAGE='ld'
PACKAGE_BUGREPORT=''
PACKAGE_NAME='ld'
PACKAGE_STRING='ld 2.42'
PACKAGE_TARNAME='ld'
PACKAGE_URL=''
PACKAGE_VERSION='2.42'
PATH_SEPARATOR=':'
PKG_CONFIG='/usr/bin/pkg-config'
PKG_CONFIG_LIBDIR=''
PKG_CONFIG_PATH=''
POSUB=''
RANLIB='ranlib --plugin /usr/libexec/gcc/x86_64-linux-gnu/13/liblto_plugin.so --plugin /usr/libexec/gcc/x86_64-linux-gnu/13/liblto_plugin.so'
SED='/usr/bin/sed'
SET_MAKE=''
SHELL='/bin/bash'
STRIP='strip'
TARGET_SYSTEM_ROOT='${exec_prefix}/${target_alias}/sys-root'
TARGET_SYSTEM_ROOT_DEFINE='-DTARGET_SYSTEM_ROOT=\"$(TARGET_SYSTEM_ROOT)\" -DTARGET_SYSTEM_ROOT_RELOCATABLE'
TDIRS='
TESTBFDLIB='../bfd/.libs/libbfd.a'
TESTCTFLIB='../libctf/.libs/libctf.a'
TESTSFRAMELIB='../libsframe/.libs/libsframe.a'
USE_NLS='no'
VERSION='2.42'
WARN_CFLAGS='-W -Wall -Wstrict-prototypes -Wmissing-prototypes -Wshadow -Wstack-usage=262144'
WARN_CFLAGS_FOR_BUILD='-W -Wall -Wstrict-prototypes -Wmissing-prototypes -Wshadow -Wstack-usage=262144'
WARN_WRITE_STRINGS='-Wwrite-strings'
XGETTEXT=':'
YACC='bison -y'
YFLAGS=''
ZSTD_CFLAGS=''
ZSTD_LIBS=''
ac_ct_CC=''
ac_ct_CXX=''
ac_ct_DUMPBIN=''
am__EXEEXT_FALSE=''
am__EXEEXT_TRUE='#'
am__fastdepCC_FALSE='#'
am__fastdepCC_TRUE=''
am__fastdepCXX_FALSE='#'
am__fastdepCXX_TRUE=''
am__include='include'
am__isrc=' -I$(srcdir)'
am__leading_dot='.'
am__nodep='_no'
am__quote=''
am__tar='$${TAR-tar} chof - "$$tardir"'
am__untar='$${TAR-tar} xf -'
bindir='${exec_prefix}/bin'
build='x86_64-pc-linux-gnu'
build_alias='x86_64-pc-linux-gnu'
build_cpu='x86_64'
build_os='linux-gnu'
build_vendor='pc'
datadir='${datarootdir}'
datarootdir='${prefix}/share'
do_compare='cmp --ignore-initial=16 $$f1 $$f2'
docdir='${datarootdir}/doc/${PACKAGE_TARNAME}'
dvidir='${docdir}'
elf_list_options='true'
elf_plt_unwind_list_options='true'
elf_shlib_list_options='true'
enable_initfini_array='yes'
enable_libctf='yes'
exec_prefix='${prefix}'
host='x86_64-pc-linux-gnu'
host_alias='x86_64-pc-linux-gnu'
host_cpu='x86_64'
host_os='linux-gnu'
host_vendor='pc'
htmldir='${docdir}'
includedir='${prefix}/include'
infodir='${datarootdir}/info'
install_as_default='yes'
install_sh='${SHELL} /home/joy0812/study/OwnOS/Kernel/binutils-2.42/install-sh'
installed_linker='ld.bfd'
libdir='${exec_prefix}/lib'
libexecdir='${exec_prefix}/libexec'
localedir='${datarootdir}/locale'
localstatedir='${prefix}/var'
mandir='${datarootdir}/man'
mkdir_p='$(MKDIR_P)'
oldincludedir='/usr/include'
pdfdir='${docdir}'
prefix='/usr/local/cross'
program_transform_name='s&^&x86_64-elf-&'
psdir='${docdir}'
sbindir='${exec_prefix}/sbin'
sharedstatedir='${prefix}/com'
sysconfdir='${prefix}/etc'
target='x86_64-pc-elf'
target_alias='x86_64-elf'
target_cpu='x86_64'
target_os='elf'
target_vendor='pc'
tdir_elf32_x86_64=x86_64-elf'
tdir_elf_i386=i386-elf
tdir_elf_iamcu=x86_64-elf
tdir_elf_x86_64=x86_64-elf
use_sysroot='yes'
zlibdir='-L$(top_builddir)/../zlib'
zlibinc='-I$(top_srcdir)/../zlib'

## ----------- ##
## confdefs.h. ##
## ----------- ##

/* confdefs.h */
#define PACKAGE_NAME "ld"
#define PACKAGE_TARNAME "ld"
#define PACKAGE_VERSION "2.42"
#define PACKAGE_STRING "ld 2.42"
#define PACKAGE_BUGREPORT ""
#define PACKAGE_URL ""
#define PACKAGE "ld"
#define VERSION "2.42"
#define STDC_HEADERS 1
#define HAVE_SYS_TYPES_H 1
#define HAVE_SYS_STAT_H 1
#define HAVE_STDLIB_H 1
#define HAVE_STRING_H 1
#define HAVE_MEMORY_H 1
#define HAVE_STRINGS_H 1
#define HAVE_INTTYPES_H 1
#define HAVE_STDINT_H 1
#define HAVE_UNISTD_H 1
#define __EXTENSIONS__ 1
#define _ALL_SOURCE 1
#define _GNU_SOURCE 1
#define _POSIX_PTHREAD_SEMANTICS 1
#define _TANDEM_SOURCE 1
#define HAVE_DLFCN_H 1
#define LT_OBJDIR ".libs/"
#define HAVE_DLFCN_H 1
#define SIZEOF_VOID_P 8
#define GOT_HANDLING_DEFAULT GOT_HANDLING_TARGET_DEFAULT
#define HAVE_INITFINI_ARRAY 1
#define ENABLE_LIBCTF 1
#define HAVE_LC_MESSAGES 1
#define YYTEXT_POINTER 1
#define HAVE_FCNTL_H 1
#define HAVE_LIMITS_H 1
#define HAVE_INTTYPES_H 1
#define HAVE_STDINT_H 1
#define HAVE_SYS_FILE_H 1
#define HAVE_SYS_MMAN_H 1
#define HAVE_SYS_PARAM_H 1
#define HAVE_SYS_STAT_H 1
#define HAVE_SYS_TIME_H 1
#define HAVE_SYS_TYPES_H 1
#define HAVE_UNISTD_H 1
#define HAVE_CLOSE 1
#define HAVE_GLOB 1
#define HAVE_LSEEK 1
#define HAVE_MKSTEMP 1
#define HAVE_OPEN 1
#define HAVE_REALPATH 1
#define HAVE_WAITPID 1
#define HAVE_DECL_ASPRINTF 1
#define HAVE_DECL_ENVIRON 1
#define HAVE_DECL_STPCPY 1
#define HAVE_STDLIB_H 1
#define HAVE_UNISTD_H 1
#define HAVE_SYS_PARAM_H 1
#define HAVE_GETPAGESIZE 1
#define HAVE_MMAP 1
#define HAVE_DECL_GETOPT 1
#define DEFAULT_COMPRESSED_DEBUG_ALGORITHM COMPRESS_DEBUG_GABI_ZLIB
#define DEFAULT_NEW_DTAGS 0
#define DEFAULT_LD_Z_RELRO 0
#define DEFAULT_LD_TEXTREL_CHECK textrel_check_none
#define DEFAULT_LD_TEXTREL_CHECK_WARNING 0
#define DEFAULT_LD_Z_SEPARATE_CODE 0
#define DEFAULT_LD_Z_MARK_PLT 0
#define DEFAULT_LD_WARN_EXECSTACK 2
#define DEFAULT_LD_ERROR_EXECSTACK 0
#define DEFAULT_LD_WARN_RWX_SEGMENTS 1
#define DEFAULT_LD_ERROR_RWX_SEGMENTS 0
#define DEFAULT_LD_EXECSTACK 1
#define SUPPORT_ERROR_HANDLING_SCRIPT 1
#define DEFAULT_EMIT_SYSV_HASH 1
#define DEFAULT_EMIT_GNU_HASH 0

configure: exit 0
